

Microchip MPLAB XC8 Assembler V2.20 build 20200408173844 
                                                                                               Sun Sep 27 12:48:37 2020

Microchip MPLAB XC8 C Compiler v2.20 (Free license) build 20200408173844 Og1 
     1                           	processor	18F4550
     2                           	fnconf	rparam,??,?,0
     3                           	pagewidth 120
     4                           	opt	flic
     5                           	psect	cinit,global,reloc=2,class=CODE,delta=1
     6                           	psect	bssCOMRAM,global,class=COMRAM,space=1,delta=1,lowdata,noexec
     7                           	psect	cstackCOMRAM,global,class=COMRAM,space=1,delta=1,lowdata,noexec
     8                           	psect	text0,global,reloc=2,class=CODE,delta=1
     9                           	psect	text1,global,reloc=2,class=CODE,delta=1,group=1
    10                           	psect	text2,global,reloc=2,class=CODE,delta=1,group=1
    11                           	psect	text3,global,reloc=2,class=CODE,delta=1
    12                           	psect	text4,global,reloc=2,class=CODE,delta=1
    13                           	psect	text5,global,reloc=2,class=CODE,delta=1
    14                           	psect	text6,global,reloc=2,class=CODE,delta=1
    15                           	psect	intcode,global,reloc=2,class=CODE,delta=1
    16                           	psect	intcode_body,global,reloc=2,class=CODE,delta=1
    17                           	psect	intsave_regs,global,class=BIGRAM,space=1,delta=1,noexec
    18                           	psect	rparam,global,class=COMRAM,space=1,delta=1,noexec
    19                           	psect	temp,global,ovrld,common,class=COMRAM,space=1,delta=1
    20                           	psect	idloc,global,abs,ovrld,class=IDLOC,space=5,delta=1,noexec
    21                           	psect	config,global,abs,ovrld,class=CONFIG,space=4,delta=1,noexec
    22  0000                     
    23                           ; Version 2.20
    24                           ; Generated 12/02/2020 GMT
    25                           ; 
    26                           ; Copyright © 2020, Microchip Technology Inc. and its subsidiaries ("Microchip")
    27                           ; All rights reserved.
    28                           ; 
    29                           ; This software is developed by Microchip Technology Inc. and its subsidiaries ("Microch
      +                          ip").
    30                           ; 
    31                           ; Redistribution and use in source and binary forms, with or without modification, are
    32                           ; permitted provided that the following conditions are met:
    33                           ; 
    34                           ;     1. Redistributions of source code must retain the above copyright notice, this lis
      +                          t of
    35                           ;        conditions and the following disclaimer.
    36                           ; 
    37                           ;     2. Redistributions in binary form must reproduce the above copyright notice, this 
      +                          list
    38                           ;        of conditions and the following disclaimer in the documentation and/or other
    39                           ;        materials provided with the distribution.
    40                           ; 
    41                           ;     3. Microchip's name may not be used to endorse or promote products derived from th
      +                          is
    42                           ;        software without specific prior written permission.
    43                           ; 
    44                           ; THIS SOFTWARE IS PROVIDED BY MICROCHIP "AS IS" AND ANY EXPRESS OR IMPLIED WARRANTIES,
    45                           ; INCLUDING, BUT NOT LIMITED TO, THE IMPLIED WARRANTIES OF MERCHANTABILITY AND FITNESS F
      +                          OR
    46                           ; PURPOSE ARE DISCLAIMED.  IN NO EVENT SHALL MICROCHIP BE LIABLE FOR ANY DIRECT, INDIREC
      +                          T,
    47                           ; INCIDENTAL, SPECIAL, EXEMPLARY, OR CONSEQUENTIAL DAMAGES (INCLUDING BUT NOT LIMITED TO
    48                           ; PROCUREMENT OF SUBSTITUTE GOODS OR SERVICES; LOSS OF USE, DATA OR PROFITS; OR BUSINESS
    49                           ; INTERRUPTION) HOWSOEVER CAUSED AND ON ANY THEORY OF LIABILITY, WHETHER IN CONTRACT, ST
      +                          RICT
    50                           ; LIABILITY, OR TORT (INCLUDING NEGLIGENCE OR OTHERWISE) ARISING IN ANY WAY OUT OF THE U
      +                          SE OF
    51                           ; THIS SOFTWARE, EVEN IF ADVISED OF THE POSSIBILITY OF SUCH DAMAGE.
    52                           ; 
    53                           ; 
    54                           ; Code-generator required, PIC18F4550 Definitions
    55                           ; 
    56                           ; SFR Addresses
    57  0000                     _PORTD	set	3971
    58  0000                     _PORTCbits	set	3970
    59  0000                     _PORTC	set	3970
    60  0000                     _PORTB	set	3969
    61  0000                     _PORTA	set	3968
    62  0000                     _TRISD	set	3989
    63  0000                     _TRISC	set	3988
    64  0000                     _TRISB	set	3987
    65  0000                     _TRISA	set	3986
    66  0000                     _ADCON1	set	4033
    67  0000                     _OSCCONbits	set	4051
    68  0000                     _TMR1L	set	4046
    69  0000                     _T1CONbits	set	4045
    70  0000                     _PIE1bits	set	3997
    71  0000                     _PIR1bits	set	3998
    72  0000                     _TMR0L	set	4054
    73  0000                     _TMR0H	set	4055
    74  0000                     _T0CONbits	set	4053
    75  0000                     _INTCON3bits	set	4080
    76  0000                     _INTCONbits	set	4082
    77  0000                     _INTCON2bits	set	4081
    78                           
    79                           ; #config settings
    80                           
    81                           	psect	cinit
    82  000346                     __pcinit:
    83                           	callstack 0
    84  000346                     start_initialization:
    85                           	callstack 0
    86  000346                     __initialization:
    87                           	callstack 0
    88                           
    89                           ; Clear objects allocated to COMRAM (6 bytes)
    90  000346  6A11               	clrf	(__pbssCOMRAM+5)& (0+255),c
    91  000348  6A10               	clrf	(__pbssCOMRAM+4)& (0+255),c
    92  00034A  6A0F               	clrf	(__pbssCOMRAM+3)& (0+255),c
    93  00034C  6A0E               	clrf	(__pbssCOMRAM+2)& (0+255),c
    94  00034E  6A0D               	clrf	(__pbssCOMRAM+1)& (0+255),c
    95  000350  6A0C               	clrf	__pbssCOMRAM& (0+255),c
    96  000352                     end_of_initialization:
    97                           	callstack 0
    98  000352                     __end_of__initialization:
    99                           	callstack 0
   100  000352  9012               	bcf	int$flags,0,c	;clear compiler interrupt flag (level 1)
   101  000354  9212               	bcf	int$flags,1,c	;clear compiler interrupt flag (level 2)
   102  000356  0100               	movlb	0
   103  000358  EF2B  F001         	goto	_main	;jump to C main() function
   104                           
   105                           	psect	bssCOMRAM
   106  00000C                     __pbssCOMRAM:
   107                           	callstack 0
   108  00000C                     _min:
   109                           	callstack 0
   110  00000C                     	ds	2
   111  00000E                     _sec:
   112                           	callstack 0
   113  00000E                     	ds	2
   114  000010                     _dec:
   115                           	callstack 0
   116  000010                     	ds	2
   117                           
   118                           	psect	cstackCOMRAM
   119  000001                     __pcstackCOMRAM:
   120                           	callstack 0
   121  000001                     ??_ISR:
   122                           
   123                           ; 1 bytes @ 0x0
   124  000001                     	ds	1
   125  000002                     ?___awdiv:
   126                           	callstack 0
   127  000002                     ?___awmod:
   128                           	callstack 0
   129  000002                     ___awdiv@dividend:
   130                           	callstack 0
   131  000002                     ___awmod@dividend:
   132                           	callstack 0
   133                           
   134                           ; 2 bytes @ 0x1
   135  000002                     	ds	2
   136  000004                     ___awdiv@divisor:
   137                           	callstack 0
   138  000004                     ___awmod@divisor:
   139                           	callstack 0
   140                           
   141                           ; 2 bytes @ 0x3
   142  000004                     	ds	2
   143  000006                     ___awdiv@counter:
   144                           	callstack 0
   145  000006                     ___awmod@counter:
   146                           	callstack 0
   147                           
   148                           ; 1 bytes @ 0x5
   149  000006                     	ds	1
   150  000007                     ___awdiv@sign:
   151                           	callstack 0
   152  000007                     ___awmod@sign:
   153                           	callstack 0
   154                           
   155                           ; 1 bytes @ 0x6
   156  000007                     	ds	1
   157  000008                     ___awdiv@quotient:
   158                           	callstack 0
   159                           
   160                           ; 2 bytes @ 0x7
   161  000008                     	ds	2
   162  00000A                     ??_main:
   163                           
   164                           ; 1 bytes @ 0x9
   165  00000A                     	ds	2
   166                           
   167 ;;
   168 ;;Main: autosize = 0, tempsize = 2, incstack = 0, save=0
   169 ;;
   170 ;; *************** function _main *****************
   171 ;; Defined at:
   172 ;;		line 67 in file "newmain.c"
   173 ;; Parameters:    Size  Location     Type
   174 ;;		None
   175 ;; Auto vars:     Size  Location     Type
   176 ;;		None
   177 ;; Return value:  Size  Location     Type
   178 ;;                  1    wreg      void 
   179 ;; Registers used:
   180 ;;		wreg, status,2, status,0, prodl, prodh, cstack
   181 ;; Tracked objects:
   182 ;;		On entry : 0/0
   183 ;;		On exit  : 0/0
   184 ;;		Unchanged: 0/0
   185 ;; Data sizes:     COMRAM   BANK0   BANK1   BANK2   BANK3   BANK4   BANK5   BANK6   BANK7
   186 ;;      Params:         0       0       0       0       0       0       0       0       0
   187 ;;      Locals:         0       0       0       0       0       0       0       0       0
   188 ;;      Temps:          2       0       0       0       0       0       0       0       0
   189 ;;      Totals:         2       0       0       0       0       0       0       0       0
   190 ;;Total ram usage:        2 bytes
   191 ;; Hardware stack levels required when called:    2
   192 ;; This function calls:
   193 ;;		_ExtInt_Init
   194 ;;		_Port_Init
   195 ;;		_Timer0_Init
   196 ;;		_Timer1_Init
   197 ;;		___awdiv
   198 ;;		___awmod
   199 ;; This function is called by:
   200 ;;		Startup code after reset
   201 ;; This function uses a non-reentrant model
   202 ;;
   203                           
   204                           	psect	text0
   205  000256                     __ptext0:
   206                           	callstack 0
   207  000256                     _main:
   208                           	callstack 29
   209  000256                     
   210                           ;newmain.c: 68: void __attribute__((picinterrupt((""))))ISR(void){
   211  000256  EC84  F001         	call	_Timer0_Init	;wreg free
   212                           
   213                           ;newmain.c: 69:     if(INTCONbits.TMR0IF==1){
   214  00025A  EC95  F001         	call	_Timer1_Init	;wreg free
   215  00025E                     
   216                           ;newmain.c: 70:         dec++;
   217  00025E  ECAE  F001         	call	_ExtInt_Init	;wreg free
   218  000262                     
   219                           ;newmain.c: 71:         INTCONbits.TMR0IF=0;
   220  000262  EC6E  F001         	call	_Port_Init	;wreg free
   221  000266                     l1009:
   222                           
   223                           ;newmain.c: 73:         TMR0L=15536;
   224  000266  CFCE F002          	movff	4046,___awmod@dividend	;volatile
   225  00026A  6A03               	clrf	(___awmod@dividend+1)^0,c
   226  00026C  0E00               	movlw	0
   227  00026E  6E05               	movwf	(___awmod@divisor+1)^0,c
   228  000270  0E0A               	movlw	10
   229  000272  6E04               	movwf	___awmod@divisor^0,c
   230  000274  ECD3  F000         	call	___awmod	;wreg free
   231  000278  5002               	movf	?___awmod^0,w,c
   232  00027A  6E80               	movwf	128,c	;volatile
   233  00027C                     
   234                           ;newmain.c: 74:         if(dec==10){
   235  00027C  CFCE F002          	movff	4046,___awdiv@dividend	;volatile
   236  000280  6A03               	clrf	(___awdiv@dividend+1)^0,c
   237  000282  0E00               	movlw	0
   238  000284  6E05               	movwf	(___awdiv@divisor+1)^0,c
   239  000286  0E0A               	movlw	10
   240  000288  6E04               	movwf	___awdiv@divisor^0,c
   241  00028A  EC71  F000         	call	___awdiv	;wreg free
   242  00028E  3802               	swapf	?___awdiv^0,w,c
   243  000290  0BF0               	andlw	240
   244  000292  6E81               	movwf	129,c	;volatile
   245  000294                     
   246                           ;newmain.c: 75:             PORTCbits.RC2=0;
   247  000294  3810               	swapf	_dec^0,w,c
   248  000296  0BF0               	andlw	240
   249  000298  6E82               	movwf	130,c	;volatile
   250  00029A                     
   251                           ;newmain.c: 76:             dec=0;
   252  00029A  C00E  F002         	movff	_sec,___awmod@dividend
   253  00029E  C00F  F003         	movff	_sec+1,___awmod@dividend+1
   254  0002A2  0E00               	movlw	0
   255  0002A4  6E05               	movwf	(___awmod@divisor+1)^0,c
   256  0002A6  0E0A               	movlw	10
   257  0002A8  6E04               	movwf	___awmod@divisor^0,c
   258  0002AA  ECD3  F000         	call	___awmod	;wreg free
   259  0002AE  C002  F00A         	movff	?___awmod,??_main
   260  0002B2  C003  F00B         	movff	?___awmod+1,??_main+1
   261  0002B6  C00E  F002         	movff	_sec,___awdiv@dividend
   262  0002BA  C00F  F003         	movff	_sec+1,___awdiv@dividend+1
   263  0002BE  0E00               	movlw	0
   264  0002C0  6E05               	movwf	(___awdiv@divisor+1)^0,c
   265  0002C2  0E0A               	movlw	10
   266  0002C4  6E04               	movwf	___awdiv@divisor^0,c
   267  0002C6  EC71  F000         	call	___awdiv	;wreg free
   268  0002CA  5002               	movf	?___awdiv^0,w,c
   269  0002CC  0D10               	mullw	16
   270  0002CE  50F3               	movf	243,w,c
   271  0002D0  240A               	addwf	??_main^0,w,c
   272  0002D2  6E83               	movwf	131,c	;volatile
   273  0002D4  EF33  F001         	goto	l1009
   274  0002D8  EF07  F000         	goto	start
   275  0002DC                     __end_of_main:
   276                           	callstack 0
   277                           
   278 ;; *************** function ___awmod *****************
   279 ;; Defined at:
   280 ;;		line 7 in file "C:\Program Files\Microchip\xc8\v2.20\pic\sources\c99\common\awmod.c"
   281 ;; Parameters:    Size  Location     Type
   282 ;;  dividend        2    1[COMRAM] int 
   283 ;;  divisor         2    3[COMRAM] int 
   284 ;; Auto vars:     Size  Location     Type
   285 ;;  sign            1    6[COMRAM] unsigned char 
   286 ;;  counter         1    5[COMRAM] unsigned char 
   287 ;; Return value:  Size  Location     Type
   288 ;;                  2    1[COMRAM] int 
   289 ;; Registers used:
   290 ;;		wreg, status,2, status,0
   291 ;; Tracked objects:
   292 ;;		On entry : 0/0
   293 ;;		On exit  : 0/0
   294 ;;		Unchanged: 0/0
   295 ;; Data sizes:     COMRAM   BANK0   BANK1   BANK2   BANK3   BANK4   BANK5   BANK6   BANK7
   296 ;;      Params:         4       0       0       0       0       0       0       0       0
   297 ;;      Locals:         2       0       0       0       0       0       0       0       0
   298 ;;      Temps:          0       0       0       0       0       0       0       0       0
   299 ;;      Totals:         6       0       0       0       0       0       0       0       0
   300 ;;Total ram usage:        6 bytes
   301 ;; Hardware stack levels used:    1
   302 ;; Hardware stack levels required when called:    1
   303 ;; This function calls:
   304 ;;		Nothing
   305 ;; This function is called by:
   306 ;;		_main
   307 ;; This function uses a non-reentrant model
   308 ;;
   309                           
   310                           	psect	text1
   311  0001A6                     __ptext1:
   312                           	callstack 0
   313  0001A6                     ___awmod:
   314                           	callstack 29
   315  0001A6  0E00               	movlw	0
   316  0001A8  6E07               	movwf	___awmod@sign^0,c
   317  0001AA  BE03               	btfsc	(___awmod@dividend+1)^0,7,c
   318  0001AC  EFDC  F000         	goto	u270
   319  0001B0  EFDA  F000         	goto	u271
   320  0001B4                     u271:
   321  0001B4  EFE2  F000         	goto	l975
   322  0001B8                     u270:
   323  0001B8  6C02               	negf	___awmod@dividend^0,c
   324  0001BA  1E03               	comf	(___awmod@dividend+1)^0,f,c
   325  0001BC  B0D8               	btfsc	status,0,c
   326  0001BE  2A03               	incf	(___awmod@dividend+1)^0,f,c
   327  0001C0  0E01               	movlw	1
   328  0001C2  6E07               	movwf	___awmod@sign^0,c
   329  0001C4                     l975:
   330  0001C4  BE05               	btfsc	(___awmod@divisor+1)^0,7,c
   331  0001C6  EFE9  F000         	goto	u280
   332  0001CA  EFE7  F000         	goto	u281
   333  0001CE                     u281:
   334  0001CE  EFED  F000         	goto	l979
   335  0001D2                     u280:
   336  0001D2  6C04               	negf	___awmod@divisor^0,c
   337  0001D4  1E05               	comf	(___awmod@divisor+1)^0,f,c
   338  0001D6  B0D8               	btfsc	status,0,c
   339  0001D8  2A05               	incf	(___awmod@divisor+1)^0,f,c
   340  0001DA                     l979:
   341  0001DA  5004               	movf	___awmod@divisor^0,w,c
   342  0001DC  1005               	iorwf	(___awmod@divisor+1)^0,w,c
   343  0001DE  B4D8               	btfsc	status,2,c
   344  0001E0  EFF4  F000         	goto	u291
   345  0001E4  EFF6  F000         	goto	u290
   346  0001E8                     u291:
   347  0001E8  EF1A  F001         	goto	l995
   348  0001EC                     u290:
   349  0001EC  0E01               	movlw	1
   350  0001EE  6E06               	movwf	___awmod@counter^0,c
   351  0001F0  EFFE  F000         	goto	l985
   352  0001F4                     l983:
   353  0001F4  90D8               	bcf	status,0,c
   354  0001F6  3604               	rlcf	___awmod@divisor^0,f,c
   355  0001F8  3605               	rlcf	(___awmod@divisor+1)^0,f,c
   356  0001FA  2A06               	incf	___awmod@counter^0,f,c
   357  0001FC                     l985:
   358  0001FC  AE05               	btfss	(___awmod@divisor+1)^0,7,c
   359  0001FE  EF03  F001         	goto	u301
   360  000202  EF05  F001         	goto	u300
   361  000206                     u301:
   362  000206  EFFA  F000         	goto	l983
   363  00020A                     u300:
   364  00020A                     l987:
   365  00020A  5004               	movf	___awmod@divisor^0,w,c
   366  00020C  5C02               	subwf	___awmod@dividend^0,w,c
   367  00020E  5005               	movf	(___awmod@divisor+1)^0,w,c
   368  000210  5803               	subwfb	(___awmod@dividend+1)^0,w,c
   369  000212  A0D8               	btfss	status,0,c
   370  000214  EF0E  F001         	goto	u311
   371  000218  EF10  F001         	goto	u310
   372  00021C                     u311:
   373  00021C  EF14  F001         	goto	l991
   374  000220                     u310:
   375  000220  5004               	movf	___awmod@divisor^0,w,c
   376  000222  5E02               	subwf	___awmod@dividend^0,f,c
   377  000224  5005               	movf	(___awmod@divisor+1)^0,w,c
   378  000226  5A03               	subwfb	(___awmod@dividend+1)^0,f,c
   379  000228                     l991:
   380  000228  90D8               	bcf	status,0,c
   381  00022A  3205               	rrcf	(___awmod@divisor+1)^0,f,c
   382  00022C  3204               	rrcf	___awmod@divisor^0,f,c
   383  00022E  2E06               	decfsz	___awmod@counter^0,f,c
   384  000230  EF05  F001         	goto	l987
   385  000234                     l995:
   386  000234  5007               	movf	___awmod@sign^0,w,c
   387  000236  B4D8               	btfsc	status,2,c
   388  000238  EF20  F001         	goto	u321
   389  00023C  EF22  F001         	goto	u320
   390  000240                     u321:
   391  000240  EF26  F001         	goto	l999
   392  000244                     u320:
   393  000244  6C02               	negf	___awmod@dividend^0,c
   394  000246  1E03               	comf	(___awmod@dividend+1)^0,f,c
   395  000248  B0D8               	btfsc	status,0,c
   396  00024A  2A03               	incf	(___awmod@dividend+1)^0,f,c
   397  00024C                     l999:
   398  00024C  C002  F002         	movff	___awmod@dividend,?___awmod
   399  000250  C003  F003         	movff	___awmod@dividend+1,?___awmod+1
   400  000254  0012               	return		;funcret
   401  000256                     __end_of___awmod:
   402                           	callstack 0
   403                           
   404 ;; *************** function ___awdiv *****************
   405 ;; Defined at:
   406 ;;		line 7 in file "C:\Program Files\Microchip\xc8\v2.20\pic\sources\c99\common\awdiv.c"
   407 ;; Parameters:    Size  Location     Type
   408 ;;  dividend        2    1[COMRAM] int 
   409 ;;  divisor         2    3[COMRAM] int 
   410 ;; Auto vars:     Size  Location     Type
   411 ;;  quotient        2    7[COMRAM] int 
   412 ;;  sign            1    6[COMRAM] unsigned char 
   413 ;;  counter         1    5[COMRAM] unsigned char 
   414 ;; Return value:  Size  Location     Type
   415 ;;                  2    1[COMRAM] int 
   416 ;; Registers used:
   417 ;;		wreg, status,2, status,0
   418 ;; Tracked objects:
   419 ;;		On entry : 0/0
   420 ;;		On exit  : 0/0
   421 ;;		Unchanged: 0/0
   422 ;; Data sizes:     COMRAM   BANK0   BANK1   BANK2   BANK3   BANK4   BANK5   BANK6   BANK7
   423 ;;      Params:         4       0       0       0       0       0       0       0       0
   424 ;;      Locals:         4       0       0       0       0       0       0       0       0
   425 ;;      Temps:          0       0       0       0       0       0       0       0       0
   426 ;;      Totals:         8       0       0       0       0       0       0       0       0
   427 ;;Total ram usage:        8 bytes
   428 ;; Hardware stack levels used:    1
   429 ;; Hardware stack levels required when called:    1
   430 ;; This function calls:
   431 ;;		Nothing
   432 ;; This function is called by:
   433 ;;		_main
   434 ;; This function uses a non-reentrant model
   435 ;;
   436                           
   437                           	psect	text2
   438  0000E2                     __ptext2:
   439                           	callstack 0
   440  0000E2                     ___awdiv:
   441                           	callstack 29
   442  0000E2  0E00               	movlw	0
   443  0000E4  6E07               	movwf	___awdiv@sign^0,c
   444  0000E6  BE05               	btfsc	(___awdiv@divisor+1)^0,7,c
   445  0000E8  EF7A  F000         	goto	u210
   446  0000EC  EF78  F000         	goto	u211
   447  0000F0                     u211:
   448  0000F0  EF80  F000         	goto	l931
   449  0000F4                     u210:
   450  0000F4  6C04               	negf	___awdiv@divisor^0,c
   451  0000F6  1E05               	comf	(___awdiv@divisor+1)^0,f,c
   452  0000F8  B0D8               	btfsc	status,0,c
   453  0000FA  2A05               	incf	(___awdiv@divisor+1)^0,f,c
   454  0000FC  0E01               	movlw	1
   455  0000FE  6E07               	movwf	___awdiv@sign^0,c
   456  000100                     l931:
   457  000100  BE03               	btfsc	(___awdiv@dividend+1)^0,7,c
   458  000102  EF87  F000         	goto	u220
   459  000106  EF85  F000         	goto	u221
   460  00010A                     u221:
   461  00010A  EF8D  F000         	goto	l937
   462  00010E                     u220:
   463  00010E  6C02               	negf	___awdiv@dividend^0,c
   464  000110  1E03               	comf	(___awdiv@dividend+1)^0,f,c
   465  000112  B0D8               	btfsc	status,0,c
   466  000114  2A03               	incf	(___awdiv@dividend+1)^0,f,c
   467  000116  0E01               	movlw	1
   468  000118  1A07               	xorwf	___awdiv@sign^0,f,c
   469  00011A                     l937:
   470  00011A  0E00               	movlw	0
   471  00011C  6E09               	movwf	(___awdiv@quotient+1)^0,c
   472  00011E  0E00               	movlw	0
   473  000120  6E08               	movwf	___awdiv@quotient^0,c
   474  000122  5004               	movf	___awdiv@divisor^0,w,c
   475  000124  1005               	iorwf	(___awdiv@divisor+1)^0,w,c
   476  000126  B4D8               	btfsc	status,2,c
   477  000128  EF98  F000         	goto	u231
   478  00012C  EF9A  F000         	goto	u230
   479  000130                     u231:
   480  000130  EFC2  F000         	goto	l959
   481  000134                     u230:
   482  000134  0E01               	movlw	1
   483  000136  6E06               	movwf	___awdiv@counter^0,c
   484  000138  EFA2  F000         	goto	l945
   485  00013C                     l943:
   486  00013C  90D8               	bcf	status,0,c
   487  00013E  3604               	rlcf	___awdiv@divisor^0,f,c
   488  000140  3605               	rlcf	(___awdiv@divisor+1)^0,f,c
   489  000142  2A06               	incf	___awdiv@counter^0,f,c
   490  000144                     l945:
   491  000144  AE05               	btfss	(___awdiv@divisor+1)^0,7,c
   492  000146  EFA7  F000         	goto	u241
   493  00014A  EFA9  F000         	goto	u240
   494  00014E                     u241:
   495  00014E  EF9E  F000         	goto	l943
   496  000152                     u240:
   497  000152                     l947:
   498  000152  90D8               	bcf	status,0,c
   499  000154  3608               	rlcf	___awdiv@quotient^0,f,c
   500  000156  3609               	rlcf	(___awdiv@quotient+1)^0,f,c
   501  000158  5004               	movf	___awdiv@divisor^0,w,c
   502  00015A  5C02               	subwf	___awdiv@dividend^0,w,c
   503  00015C  5005               	movf	(___awdiv@divisor+1)^0,w,c
   504  00015E  5803               	subwfb	(___awdiv@dividend+1)^0,w,c
   505  000160  A0D8               	btfss	status,0,c
   506  000162  EFB5  F000         	goto	u251
   507  000166  EFB7  F000         	goto	u250
   508  00016A                     u251:
   509  00016A  EFBC  F000         	goto	l955
   510  00016E                     u250:
   511  00016E  5004               	movf	___awdiv@divisor^0,w,c
   512  000170  5E02               	subwf	___awdiv@dividend^0,f,c
   513  000172  5005               	movf	(___awdiv@divisor+1)^0,w,c
   514  000174  5A03               	subwfb	(___awdiv@dividend+1)^0,f,c
   515  000176  8008               	bsf	___awdiv@quotient^0,0,c
   516  000178                     l955:
   517  000178  90D8               	bcf	status,0,c
   518  00017A  3205               	rrcf	(___awdiv@divisor+1)^0,f,c
   519  00017C  3204               	rrcf	___awdiv@divisor^0,f,c
   520  00017E  2E06               	decfsz	___awdiv@counter^0,f,c
   521  000180  EFA9  F000         	goto	l947
   522  000184                     l959:
   523  000184  5007               	movf	___awdiv@sign^0,w,c
   524  000186  B4D8               	btfsc	status,2,c
   525  000188  EFC8  F000         	goto	u261
   526  00018C  EFCA  F000         	goto	u260
   527  000190                     u261:
   528  000190  EFCE  F000         	goto	l963
   529  000194                     u260:
   530  000194  6C08               	negf	___awdiv@quotient^0,c
   531  000196  1E09               	comf	(___awdiv@quotient+1)^0,f,c
   532  000198  B0D8               	btfsc	status,0,c
   533  00019A  2A09               	incf	(___awdiv@quotient+1)^0,f,c
   534  00019C                     l963:
   535  00019C  C008  F002         	movff	___awdiv@quotient,?___awdiv
   536  0001A0  C009  F003         	movff	___awdiv@quotient+1,?___awdiv+1
   537  0001A4  0012               	return		;funcret
   538  0001A6                     __end_of___awdiv:
   539                           	callstack 0
   540                           
   541 ;; *************** function _Timer1_Init *****************
   542 ;; Defined at:
   543 ;;		line 39 in file "newmain.c"
   544 ;; Parameters:    Size  Location     Type
   545 ;;		None
   546 ;; Auto vars:     Size  Location     Type
   547 ;;		None
   548 ;; Return value:  Size  Location     Type
   549 ;;                  1    wreg      void 
   550 ;; Registers used:
   551 ;;		wreg, status,2
   552 ;; Tracked objects:
   553 ;;		On entry : 0/0
   554 ;;		On exit  : 0/0
   555 ;;		Unchanged: 0/0
   556 ;; Data sizes:     COMRAM   BANK0   BANK1   BANK2   BANK3   BANK4   BANK5   BANK6   BANK7
   557 ;;      Params:         0       0       0       0       0       0       0       0       0
   558 ;;      Locals:         0       0       0       0       0       0       0       0       0
   559 ;;      Temps:          0       0       0       0       0       0       0       0       0
   560 ;;      Totals:         0       0       0       0       0       0       0       0       0
   561 ;;Total ram usage:        0 bytes
   562 ;; Hardware stack levels used:    1
   563 ;; Hardware stack levels required when called:    1
   564 ;; This function calls:
   565 ;;		Nothing
   566 ;; This function is called by:
   567 ;;		_main
   568 ;; This function uses a non-reentrant model
   569 ;;
   570                           
   571                           	psect	text3
   572  00032A                     __ptext3:
   573                           	callstack 0
   574  00032A                     _Timer1_Init:
   575                           	callstack 29
   576  00032A                     
   577                           ;newmain.c: 40: void Port_Init(void){
   578  00032A  8CF2               	bsf	242,6,c	;volatile
   579                           
   580                           ;newmain.c: 41:     OSCCONbits.IRCF=0b111;
   581  00032C  909E               	bcf	158,0,c	;volatile
   582                           
   583                           ;newmain.c: 42:     ADCON1=0b00001111;
   584  00032E  809D               	bsf	157,0,c	;volatile
   585                           
   586                           ;newmain.c: 43:     TRISA=0;
   587  000330  9ECD               	bcf	205,7,c	;volatile
   588                           
   589                           ;newmain.c: 44:     TRISB=0b00000011;
   590  000332  9CCD               	bcf	205,6,c	;volatile
   591  000334                     
   592                           ;newmain.c: 45:     TRISC=0b00000001;
   593  000334  0ECF               	movlw	-49
   594  000336  16CD               	andwf	205,f,c	;volatile
   595  000338                     
   596                           ;newmain.c: 46:     TRISD=0;
   597  000338  96CD               	bcf	205,3,c	;volatile
   598  00033A                     
   599                           ;newmain.c: 47:     PORTA=0;
   600  00033A  94CD               	bcf	205,2,c	;volatile
   601  00033C                     
   602                           ;newmain.c: 48:     PORTB=0;
   603  00033C  82CD               	bsf	205,1,c	;volatile
   604  00033E                     
   605                           ;newmain.c: 49:     PORTC=0;
   606  00033E  80CD               	bsf	205,0,c	;volatile
   607                           
   608                           ;newmain.c: 50:     PORTCbits.RC2=1;
   609  000340  0E00               	movlw	0
   610  000342  6ECE               	movwf	206,c	;volatile
   611  000344  0012               	return		;funcret
   612  000346                     __end_of_Timer1_Init:
   613                           	callstack 0
   614                           
   615 ;; *************** function _Timer0_Init *****************
   616 ;; Defined at:
   617 ;;		line 25 in file "newmain.c"
   618 ;; Parameters:    Size  Location     Type
   619 ;;		None
   620 ;; Auto vars:     Size  Location     Type
   621 ;;		None
   622 ;; Return value:  Size  Location     Type
   623 ;;                  1    wreg      void 
   624 ;; Registers used:
   625 ;;		wreg, status,2
   626 ;; Tracked objects:
   627 ;;		On entry : 0/0
   628 ;;		On exit  : 0/0
   629 ;;		Unchanged: 0/0
   630 ;; Data sizes:     COMRAM   BANK0   BANK1   BANK2   BANK3   BANK4   BANK5   BANK6   BANK7
   631 ;;      Params:         0       0       0       0       0       0       0       0       0
   632 ;;      Locals:         0       0       0       0       0       0       0       0       0
   633 ;;      Temps:          0       0       0       0       0       0       0       0       0
   634 ;;      Totals:         0       0       0       0       0       0       0       0       0
   635 ;;Total ram usage:        0 bytes
   636 ;; Hardware stack levels used:    1
   637 ;; Hardware stack levels required when called:    1
   638 ;; This function calls:
   639 ;;		Nothing
   640 ;; This function is called by:
   641 ;;		_main
   642 ;; This function uses a non-reentrant model
   643 ;;
   644                           
   645                           	psect	text4
   646  000308                     __ptext4:
   647                           	callstack 0
   648  000308                     _Timer0_Init:
   649                           	callstack 29
   650  000308                     
   651                           ;newmain.c: 26: void Timer1_Init(void){
   652  000308  9EF2               	bcf	242,7,c	;volatile
   653                           
   654                           ;newmain.c: 27:     INTCONbits.PEIE=1;
   655  00030A  9AD5               	bcf	213,5,c	;volatile
   656                           
   657                           ;newmain.c: 28:     PIR1bits.TMR1IF=0;
   658  00030C  96D5               	bcf	213,3,c	;volatile
   659  00030E                     
   660                           ;newmain.c: 29:     PIE1bits.TMR1IE=1;
   661  00030E  50D5               	movf	213,w,c	;volatile
   662  000310  0BF8               	andlw	-8
   663  000312  0901               	iorlw	1
   664  000314  6ED5               	movwf	213,c	;volatile
   665  000316                     
   666                           ;newmain.c: 30:     T1CONbits.RD16=0;
   667  000316  9CD5               	bcf	213,6,c	;volatile
   668                           
   669                           ;newmain.c: 31:     T1CONbits.T1RUN=0;
   670  000318  0E3C               	movlw	60
   671  00031A  6ED7               	movwf	215,c	;volatile
   672                           
   673                           ;newmain.c: 32:     T1CONbits.T1CKPS=0;
   674  00031C  0EB0               	movlw	176
   675  00031E  6ED6               	movwf	214,c	;volatile
   676  000320                     
   677                           ;newmain.c: 33:     T1CONbits.T1OSCEN=0;
   678  000320  9ED5               	bcf	213,7,c	;volatile
   679  000322                     
   680                           ;newmain.c: 34:     T1CONbits.T1SYNC=0;
   681  000322  94F2               	bcf	242,2,c	;volatile
   682  000324                     
   683                           ;newmain.c: 35:     T1CONbits.TMR1CS=1;
   684  000324  8AF2               	bsf	242,5,c	;volatile
   685  000326                     
   686                           ;newmain.c: 36:     T1CONbits.TMR1ON=1;
   687  000326  8EF2               	bsf	242,7,c	;volatile
   688  000328  0012               	return		;funcret
   689  00032A                     __end_of_Timer0_Init:
   690                           	callstack 0
   691                           
   692 ;; *************** function _Port_Init *****************
   693 ;; Defined at:
   694 ;;		line 53 in file "newmain.c"
   695 ;; Parameters:    Size  Location     Type
   696 ;;		None
   697 ;; Auto vars:     Size  Location     Type
   698 ;;		None
   699 ;; Return value:  Size  Location     Type
   700 ;;                  1    wreg      void 
   701 ;; Registers used:
   702 ;;		wreg, status,2
   703 ;; Tracked objects:
   704 ;;		On entry : 0/0
   705 ;;		On exit  : 0/0
   706 ;;		Unchanged: 0/0
   707 ;; Data sizes:     COMRAM   BANK0   BANK1   BANK2   BANK3   BANK4   BANK5   BANK6   BANK7
   708 ;;      Params:         0       0       0       0       0       0       0       0       0
   709 ;;      Locals:         0       0       0       0       0       0       0       0       0
   710 ;;      Temps:          0       0       0       0       0       0       0       0       0
   711 ;;      Totals:         0       0       0       0       0       0       0       0       0
   712 ;;Total ram usage:        0 bytes
   713 ;; Hardware stack levels used:    1
   714 ;; Hardware stack levels required when called:    1
   715 ;; This function calls:
   716 ;;		Nothing
   717 ;; This function is called by:
   718 ;;		_main
   719 ;; This function uses a non-reentrant model
   720 ;;
   721                           
   722                           	psect	text5
   723  0002DC                     __ptext5:
   724                           	callstack 0
   725  0002DC                     _Port_Init:
   726                           	callstack 29
   727  0002DC                     
   728                           ;newmain.c: 54: void main(void) {
   729  0002DC  0E70               	movlw	112
   730  0002DE  12D3               	iorwf	211,f,c	;volatile
   731                           
   732                           ;newmain.c: 55:     Timer0_Init();
   733  0002E0  0E0F               	movlw	15
   734  0002E2  6EC1               	movwf	193,c	;volatile
   735                           
   736                           ;newmain.c: 56:     Timer1_Init();
   737  0002E4  0E00               	movlw	0
   738  0002E6  6E92               	movwf	146,c	;volatile
   739                           
   740                           ;newmain.c: 57:     ExtInt_Init();
   741  0002E8  0E03               	movlw	3
   742  0002EA  6E93               	movwf	147,c	;volatile
   743                           
   744                           ;newmain.c: 58:     Port_Init();
   745  0002EC  0E01               	movlw	1
   746  0002EE  6E94               	movwf	148,c	;volatile
   747                           
   748                           ;newmain.c: 59:     while(1){
   749  0002F0  0E00               	movlw	0
   750  0002F2  6E95               	movwf	149,c	;volatile
   751                           
   752                           ;newmain.c: 60:         PORTA=(TMR1L%10);
   753  0002F4  0E00               	movlw	0
   754  0002F6  6E80               	movwf	128,c	;volatile
   755                           
   756                           ;newmain.c: 61:         PORTB=((TMR1L/10)*16);
   757  0002F8  0E00               	movlw	0
   758  0002FA  6E81               	movwf	129,c	;volatile
   759                           
   760                           ;newmain.c: 62:         PORTC=(dec)<<4;
   761  0002FC  0E00               	movlw	0
   762  0002FE  6E82               	movwf	130,c	;volatile
   763  000300                     
   764                           ;newmain.c: 63:         PORTD=((sec/10)*16)+(sec%10);
   765  000300  8482               	bsf	130,2,c	;volatile
   766                           
   767                           ;newmain.c: 64:     }
   768  000302  0E00               	movlw	0
   769  000304  6E83               	movwf	131,c	;volatile
   770  000306  0012               	return		;funcret
   771  000308                     __end_of_Port_Init:
   772                           	callstack 0
   773                           
   774 ;; *************** function _ExtInt_Init *****************
   775 ;; Defined at:
   776 ;;		line 16 in file "newmain.c"
   777 ;; Parameters:    Size  Location     Type
   778 ;;		None
   779 ;; Auto vars:     Size  Location     Type
   780 ;;		None
   781 ;; Return value:  Size  Location     Type
   782 ;;                  1    wreg      void 
   783 ;; Registers used:
   784 ;;		None
   785 ;; Tracked objects:
   786 ;;		On entry : 0/0
   787 ;;		On exit  : 0/0
   788 ;;		Unchanged: 0/0
   789 ;; Data sizes:     COMRAM   BANK0   BANK1   BANK2   BANK3   BANK4   BANK5   BANK6   BANK7
   790 ;;      Params:         0       0       0       0       0       0       0       0       0
   791 ;;      Locals:         0       0       0       0       0       0       0       0       0
   792 ;;      Temps:          0       0       0       0       0       0       0       0       0
   793 ;;      Totals:         0       0       0       0       0       0       0       0       0
   794 ;;Total ram usage:        0 bytes
   795 ;; Hardware stack levels used:    1
   796 ;; Hardware stack levels required when called:    1
   797 ;; This function calls:
   798 ;;		Nothing
   799 ;; This function is called by:
   800 ;;		_main
   801 ;; This function uses a non-reentrant model
   802 ;;
   803                           
   804                           	psect	text6
   805  00035C                     __ptext6:
   806                           	callstack 0
   807  00035C                     _ExtInt_Init:
   808                           	callstack 29
   809  00035C                     
   810                           ;newmain.c: 17:     T0CONbits.T08BIT=0;
   811  00035C  8CF1               	bsf	241,6,c	;volatile
   812                           
   813                           ;newmain.c: 18:     TMR0H=(15536)>>8;
   814  00035E  8AF1               	bsf	241,5,c	;volatile
   815                           
   816                           ;newmain.c: 19:     TMR0L=15536;
   817  000360  92F2               	bcf	242,1,c	;volatile
   818                           
   819                           ;newmain.c: 20:     T0CONbits.TMR0ON=0;
   820  000362  88F2               	bsf	242,4,c	;volatile
   821                           
   822                           ;newmain.c: 21:     INTCONbits.TMR0IF=0;
   823  000364  90F0               	bcf	240,0,c	;volatile
   824                           
   825                           ;newmain.c: 22:     INTCONbits.TMR0IE=1;
   826  000366  86F0               	bsf	240,3,c	;volatile
   827  000368  0012               	return		;funcret
   828  00036A                     __end_of_ExtInt_Init:
   829                           	callstack 0
   830                           
   831 ;; *************** function _ISR *****************
   832 ;; Defined at:
   833 ;;		line 81 in file "newmain.c"
   834 ;; Parameters:    Size  Location     Type
   835 ;;		None
   836 ;; Auto vars:     Size  Location     Type
   837 ;;		None
   838 ;; Return value:  Size  Location     Type
   839 ;;                  1    wreg      void 
   840 ;; Registers used:
   841 ;;		wreg, status,2, status,0
   842 ;; Tracked objects:
   843 ;;		On entry : 0/0
   844 ;;		On exit  : 0/0
   845 ;;		Unchanged: 0/0
   846 ;; Data sizes:     COMRAM   BANK0   BANK1   BANK2   BANK3   BANK4   BANK5   BANK6   BANK7
   847 ;;      Params:         0       0       0       0       0       0       0       0       0
   848 ;;      Locals:         0       0       0       0       0       0       0       0       0
   849 ;;      Temps:          1       0       0       0       0       0       0       0       0
   850 ;;      Totals:         1       0       0       0       0       0       0       0       0
   851 ;;Total ram usage:        1 bytes
   852 ;; Hardware stack levels used:    1
   853 ;; This function calls:
   854 ;;		Nothing
   855 ;; This function is called by:
   856 ;;		Interrupt level 2
   857 ;; This function uses a non-reentrant model
   858 ;;
   859                           
   860                           	psect	intcode
   861  000008                     __pintcode:
   862                           	callstack 0
   863  000008                     _ISR:
   864                           	callstack 29
   865                           
   866                           ;incstack = 0
   867  000008  8212               	bsf	int$flags,1,c	;set compiler interrupt flag (level 2)
   868  00000A  ED09  F000         	call	int_func,f	;refresh shadow registers
   869                           
   870                           	psect	intcode_body
   871  000012                     __pintcode_body:
   872                           	callstack 29
   873  000012                     int_func:
   874                           	callstack 29
   875  000012  0006               	pop		; remove dummy address from shadow register refresh
   876  000014                     
   877                           ;newmain.c: 82:         }
   878  000014  A4F2               	btfss	242,2,c	;volatile
   879  000016  EF0F  F000         	goto	i2u13_41
   880  00001A  EF11  F000         	goto	i2u13_40
   881  00001E                     i2u13_41:
   882  00001E  EF38  F000         	goto	i2l905
   883  000022                     i2u13_40:
   884  000022                     
   885                           ;newmain.c: 83:     }
   886  000022  4A10               	infsnz	_dec^0,f,c
   887  000024  2A11               	incf	(_dec+1)^0,f,c
   888  000026                     
   889                           ;newmain.c: 84:     if(TMR1L==100){
   890  000026  94F2               	bcf	242,2,c	;volatile
   891  000028                     
   892                           ;newmain.c: 85:         TMR1L=0;
   893  000028  0E3C               	movlw	60
   894  00002A  6ED7               	movwf	215,c	;volatile
   895  00002C                     
   896                           ;newmain.c: 86:     }
   897  00002C  0EB0               	movlw	176
   898  00002E  6ED6               	movwf	214,c	;volatile
   899  000030                     
   900                           ;newmain.c: 87:     if(INTCONbits.INT0IF==1){
   901  000030  0E0A               	movlw	10
   902  000032  1810               	xorwf	_dec^0,w,c
   903  000034  1011               	iorwf	(_dec+1)^0,w,c
   904  000036  A4D8               	btfss	status,2,c
   905  000038  EF20  F000         	goto	i2u14_41
   906  00003C  EF22  F000         	goto	i2u14_40
   907  000040                     i2u14_41:
   908  000040  EF29  F000         	goto	i2l899
   909  000044                     i2u14_40:
   910  000044                     
   911                           ;newmain.c: 88:         T0CONbits.TMR0ON=!T0CONbits.TMR0ON;
   912  000044  9482               	bcf	130,2,c	;volatile
   913  000046                     
   914                           ;newmain.c: 89:         INTCONbits.INT0IF=0;
   915  000046  0E00               	movlw	0
   916  000048  6E11               	movwf	(_dec+1)^0,c
   917  00004A  0E00               	movlw	0
   918  00004C  6E10               	movwf	_dec^0,c
   919  00004E                     
   920                           ;newmain.c: 90:     }
   921  00004E  4A0E               	infsnz	_sec^0,f,c
   922  000050  2A0F               	incf	(_sec+1)^0,f,c
   923  000052                     i2l899:
   924                           
   925                           ;newmain.c: 92:         T0CONbits.TMR0ON=0;
   926  000052  0E3C               	movlw	60
   927  000054  180E               	xorwf	_sec^0,w,c
   928  000056  100F               	iorwf	(_sec+1)^0,w,c
   929  000058  A4D8               	btfss	status,2,c
   930  00005A  EF31  F000         	goto	i2u15_41
   931  00005E  EF33  F000         	goto	i2u15_40
   932  000062                     i2u15_41:
   933  000062  EF38  F000         	goto	i2l905
   934  000066                     i2u15_40:
   935  000066                     
   936                           ;newmain.c: 93:         sec=0;
   937  000066  8482               	bsf	130,2,c	;volatile
   938  000068                     
   939                           ;newmain.c: 94:         dec=0;
   940  000068  0E00               	movlw	0
   941  00006A  6E0F               	movwf	(_sec+1)^0,c
   942  00006C  0E00               	movlw	0
   943  00006E  6E0E               	movwf	_sec^0,c
   944  000070                     i2l905:
   945                           
   946                           ;newmain.c: 97:     }
   947  000070  0E64               	movlw	100
   948  000072  18CE               	xorwf	206,w,c	;volatile
   949  000074  A4D8               	btfss	status,2,c
   950  000076  EF3F  F000         	goto	i2u16_41
   951  00007A  EF41  F000         	goto	i2u16_40
   952  00007E                     i2u16_41:
   953  00007E  EF43  F000         	goto	i2l909
   954  000082                     i2u16_40:
   955  000082                     
   956                           ;newmain.c: 98: }
   957  000082  0E00               	movlw	0
   958  000084  6ECE               	movwf	206,c	;volatile
   959  000086                     i2l909:
   960  000086  A2F2               	btfss	242,1,c	;volatile
   961  000088  EF48  F000         	goto	i2u17_41
   962  00008C  EF4A  F000         	goto	i2u17_40
   963  000090                     i2u17_41:
   964  000090  EF5C  F000         	goto	i2l915
   965  000094                     i2u17_40:
   966  000094  AED5               	btfss	213,7,c	;volatile
   967  000096  EF4F  F000         	goto	i2u18_41
   968  00009A  EF53  F000         	goto	i2u18_40
   969  00009E                     i2u18_41:
   970  00009E  6A01               	clrf	??_ISR^0,c
   971  0000A0  2A01               	incf	??_ISR^0,f,c
   972  0000A2  EF54  F000         	goto	i2u19_48
   973  0000A6                     i2u18_40:
   974  0000A6  6A01               	clrf	??_ISR^0,c
   975  0000A8                     i2u19_48:
   976  0000A8  3201               	rrcf	??_ISR^0,f,c
   977  0000AA  3201               	rrcf	??_ISR^0,f,c
   978  0000AC  50D5               	movf	213,w,c	;volatile
   979  0000AE  1801               	xorwf	??_ISR^0,w,c
   980  0000B0  0B7F               	andlw	-129
   981  0000B2  1801               	xorwf	??_ISR^0,w,c
   982  0000B4  6ED5               	movwf	213,c	;volatile
   983  0000B6  92F2               	bcf	242,1,c	;volatile
   984  0000B8                     i2l915:
   985  0000B8  A0F0               	btfss	240,0,c	;volatile
   986  0000BA  EF61  F000         	goto	i2u20_41
   987  0000BE  EF63  F000         	goto	i2u20_40
   988  0000C2                     i2u20_41:
   989  0000C2  EF6F  F000         	goto	i2l79
   990  0000C6                     i2u20_40:
   991  0000C6  9ED5               	bcf	213,7,c	;volatile
   992  0000C8  0E00               	movlw	0
   993  0000CA  6E0F               	movwf	(_sec+1)^0,c
   994  0000CC  0E00               	movlw	0
   995  0000CE  6E0E               	movwf	_sec^0,c
   996  0000D0  0E00               	movlw	0
   997  0000D2  6E11               	movwf	(_dec+1)^0,c
   998  0000D4  0E00               	movlw	0
   999  0000D6  6E10               	movwf	_dec^0,c
  1000  0000D8  0E00               	movlw	0
  1001  0000DA  6ECE               	movwf	206,c	;volatile
  1002  0000DC  90F0               	bcf	240,0,c	;volatile
  1003  0000DE                     i2l79:
  1004  0000DE  9212               	bcf	int$flags,1,c	;clear compiler interrupt flag (level 2)
  1005  0000E0  0011               	retfie		f
  1006  0000E2                     __end_of_ISR:
  1007                           	callstack 0
  1008  0000                     
  1009                           	psect	rparam
  1010  0000                     
  1011                           	psect	temp
  1012  000012                     btemp:
  1013                           	callstack 0
  1014  000012                     	ds	1
  1015  0000                     int$flags	set	btemp
  1016  0000                     wtemp8	set	btemp+1
  1017  0000                     ttemp5	set	btemp+1
  1018  0000                     ttemp6	set	btemp+4
  1019  0000                     ttemp7	set	btemp+8
  1020                           
  1021                           	psect	idloc
  1022                           
  1023                           ;Config register IDLOC0 @ 0x200000
  1024                           ;	unspecified, using default values
  1025  200000                     	org	2097152
  1026  200000  FF                 	db	255
  1027                           
  1028                           ;Config register IDLOC1 @ 0x200001
  1029                           ;	unspecified, using default values
  1030  200001                     	org	2097153
  1031  200001  FF                 	db	255
  1032                           
  1033                           ;Config register IDLOC2 @ 0x200002
  1034                           ;	unspecified, using default values
  1035  200002                     	org	2097154
  1036  200002  FF                 	db	255
  1037                           
  1038                           ;Config register IDLOC3 @ 0x200003
  1039                           ;	unspecified, using default values
  1040  200003                     	org	2097155
  1041  200003  FF                 	db	255
  1042                           
  1043                           ;Config register IDLOC4 @ 0x200004
  1044                           ;	unspecified, using default values
  1045  200004                     	org	2097156
  1046  200004  FF                 	db	255
  1047                           
  1048                           ;Config register IDLOC5 @ 0x200005
  1049                           ;	unspecified, using default values
  1050  200005                     	org	2097157
  1051  200005  FF                 	db	255
  1052                           
  1053                           ;Config register IDLOC6 @ 0x200006
  1054                           ;	unspecified, using default values
  1055  200006                     	org	2097158
  1056  200006  FF                 	db	255
  1057                           
  1058                           ;Config register IDLOC7 @ 0x200007
  1059                           ;	unspecified, using default values
  1060  200007                     	org	2097159
  1061  200007  FF                 	db	255
  1062                           
  1063                           	psect	config
  1064                           
  1065                           ;Config register CONFIG1L @ 0x300000
  1066                           ;	unspecified, using default values
  1067                           ;	PLL Prescaler Selection bits
  1068                           ;	PLLDIV = 0x0, unprogrammed default
  1069                           ;	System Clock Postscaler Selection bits
  1070                           ;	CPUDIV = 0x0, unprogrammed default
  1071                           ;	USB Clock Selection bit (used in Full-Speed USB mode only; UCFG:FSEN = 1)
  1072                           ;	USBDIV = 0x0, unprogrammed default
  1073  300000                     	org	3145728
  1074  300000  00                 	db	0
  1075                           
  1076                           ;Config register CONFIG1H @ 0x300001
  1077                           ;	Oscillator Selection bits
  1078                           ;	FOSC = INTOSCIO_EC, Internal oscillator, port function on RA6, EC used by USB (INTIO)
  1079                           ;	Fail-Safe Clock Monitor Enable bit
  1080                           ;	FCMEN = 0x0, unprogrammed default
  1081                           ;	Internal/External Oscillator Switchover bit
  1082                           ;	IESO = 0x0, unprogrammed default
  1083  300001                     	org	3145729
  1084  300001  08                 	db	8
  1085                           
  1086                           ;Config register CONFIG2L @ 0x300002
  1087                           ;	unspecified, using default values
  1088                           ;	Power-up Timer Enable bit
  1089                           ;	PWRT = 0x1, unprogrammed default
  1090                           ;	Brown-out Reset Enable bits
  1091                           ;	BOR = 0x3, unprogrammed default
  1092                           ;	Brown-out Reset Voltage bits
  1093                           ;	BORV = 0x3, unprogrammed default
  1094                           ;	USB Voltage Regulator Enable bit
  1095                           ;	VREGEN = 0x0, unprogrammed default
  1096  300002                     	org	3145730
  1097  300002  1F                 	db	31
  1098                           
  1099                           ;Config register CONFIG2H @ 0x300003
  1100                           ;	unspecified, using default values
  1101                           ;	Watchdog Timer Enable bit
  1102                           ;	WDT = 0x1, unprogrammed default
  1103                           ;	Watchdog Timer Postscale Select bits
  1104                           ;	WDTPS = 0xF, unprogrammed default
  1105  300003                     	org	3145731
  1106  300003  1F                 	db	31
  1107                           
  1108                           ; Padding undefined space
  1109  300004                     	org	3145732
  1110  300004  FF                 	db	255
  1111                           
  1112                           ;Config register CONFIG3H @ 0x300005
  1113                           ;	unspecified, using default values
  1114                           ;	CCP2 MUX bit
  1115                           ;	CCP2MX = 0x1, unprogrammed default
  1116                           ;	PORTB A/D Enable bit
  1117                           ;	PBADEN = 0x1, unprogrammed default
  1118                           ;	Low-Power Timer 1 Oscillator Enable bit
  1119                           ;	LPT1OSC = 0x0, unprogrammed default
  1120                           ;	MCLR Pin Enable bit
  1121                           ;	MCLRE = 0x1, unprogrammed default
  1122  300005                     	org	3145733
  1123  300005  83                 	db	131
  1124                           
  1125                           ;Config register CONFIG4L @ 0x300006
  1126                           ;	unspecified, using default values
  1127                           ;	Stack Full/Underflow Reset Enable bit
  1128                           ;	STVREN = 0x1, unprogrammed default
  1129                           ;	Single-Supply ICSP Enable bit
  1130                           ;	LVP = 0x1, unprogrammed default
  1131                           ;	Dedicated In-Circuit Debug/Programming Port (ICPORT) Enable bit
  1132                           ;	ICPRT = 0x0, unprogrammed default
  1133                           ;	Extended Instruction Set Enable bit
  1134                           ;	XINST = 0x0, unprogrammed default
  1135                           ;	Background Debugger Enable bit
  1136                           ;	DEBUG = 0x1, unprogrammed default
  1137  300006                     	org	3145734
  1138  300006  85                 	db	133
  1139                           
  1140                           ; Padding undefined space
  1141  300007                     	org	3145735
  1142  300007  FF                 	db	255
  1143                           
  1144                           ;Config register CONFIG5L @ 0x300008
  1145                           ;	unspecified, using default values
  1146                           ;	Code Protection bit
  1147                           ;	CP0 = 0x1, unprogrammed default
  1148                           ;	Code Protection bit
  1149                           ;	CP1 = 0x1, unprogrammed default
  1150                           ;	Code Protection bit
  1151                           ;	CP2 = 0x1, unprogrammed default
  1152                           ;	Code Protection bit
  1153                           ;	CP3 = 0x1, unprogrammed default
  1154  300008                     	org	3145736
  1155  300008  0F                 	db	15
  1156                           
  1157                           ;Config register CONFIG5H @ 0x300009
  1158                           ;	unspecified, using default values
  1159                           ;	Boot Block Code Protection bit
  1160                           ;	CPB = 0x1, unprogrammed default
  1161                           ;	Data EEPROM Code Protection bit
  1162                           ;	CPD = 0x1, unprogrammed default
  1163  300009                     	org	3145737
  1164  300009  C0                 	db	192
  1165                           
  1166                           ;Config register CONFIG6L @ 0x30000A
  1167                           ;	unspecified, using default values
  1168                           ;	Write Protection bit
  1169                           ;	WRT0 = 0x1, unprogrammed default
  1170                           ;	Write Protection bit
  1171                           ;	WRT1 = 0x1, unprogrammed default
  1172                           ;	Write Protection bit
  1173                           ;	WRT2 = 0x1, unprogrammed default
  1174                           ;	Write Protection bit
  1175                           ;	WRT3 = 0x1, unprogrammed default
  1176  30000A                     	org	3145738
  1177  30000A  0F                 	db	15
  1178                           
  1179                           ;Config register CONFIG6H @ 0x30000B
  1180                           ;	unspecified, using default values
  1181                           ;	Configuration Register Write Protection bit
  1182                           ;	WRTC = 0x1, unprogrammed default
  1183                           ;	Boot Block Write Protection bit
  1184                           ;	WRTB = 0x1, unprogrammed default
  1185                           ;	Data EEPROM Write Protection bit
  1186                           ;	WRTD = 0x1, unprogrammed default
  1187  30000B                     	org	3145739
  1188  30000B  E0                 	db	224
  1189                           
  1190                           ;Config register CONFIG7L @ 0x30000C
  1191                           ;	unspecified, using default values
  1192                           ;	Table Read Protection bit
  1193                           ;	EBTR0 = 0x1, unprogrammed default
  1194                           ;	Table Read Protection bit
  1195                           ;	EBTR1 = 0x1, unprogrammed default
  1196                           ;	Table Read Protection bit
  1197                           ;	EBTR2 = 0x1, unprogrammed default
  1198                           ;	Table Read Protection bit
  1199                           ;	EBTR3 = 0x1, unprogrammed default
  1200  30000C                     	org	3145740
  1201  30000C  0F                 	db	15
  1202                           
  1203                           ;Config register CONFIG7H @ 0x30000D
  1204                           ;	unspecified, using default values
  1205                           ;	Boot Block Table Read Protection bit
  1206                           ;	EBTRB = 0x1, unprogrammed default
  1207  30000D                     	org	3145741
  1208  30000D  40                 	db	64
  1209                           tosu	equ	0xFFF
  1210                           tosh	equ	0xFFE
  1211                           tosl	equ	0xFFD
  1212                           stkptr	equ	0xFFC
  1213                           pclatu	equ	0xFFB
  1214                           pclath	equ	0xFFA
  1215                           pcl	equ	0xFF9
  1216                           tblptru	equ	0xFF8
  1217                           tblptrh	equ	0xFF7
  1218                           tblptrl	equ	0xFF6
  1219                           tablat	equ	0xFF5
  1220                           prodh	equ	0xFF4
  1221                           prodl	equ	0xFF3
  1222                           indf0	equ	0xFEF
  1223                           postinc0	equ	0xFEE
  1224                           postdec0	equ	0xFED
  1225                           preinc0	equ	0xFEC
  1226                           plusw0	equ	0xFEB
  1227                           fsr0h	equ	0xFEA
  1228                           fsr0l	equ	0xFE9
  1229                           wreg	equ	0xFE8
  1230                           indf1	equ	0xFE7
  1231                           postinc1	equ	0xFE6
  1232                           postdec1	equ	0xFE5
  1233                           preinc1	equ	0xFE4
  1234                           plusw1	equ	0xFE3
  1235                           fsr1h	equ	0xFE2
  1236                           fsr1l	equ	0xFE1
  1237                           bsr	equ	0xFE0
  1238                           indf2	equ	0xFDF
  1239                           postinc2	equ	0xFDE
  1240                           postdec2	equ	0xFDD
  1241                           preinc2	equ	0xFDC
  1242                           plusw2	equ	0xFDB
  1243                           fsr2h	equ	0xFDA
  1244                           fsr2l	equ	0xFD9
  1245                           status	equ	0xFD8

Data Sizes:
    Strings     0
    Constant    0
    Data        0
    BSS         6
    Persistent  0
    Stack       0

Auto Spaces:
    Space          Size  Autos    Used
    COMRAM           94     11      17
    BANK0           160      0       0
    BANK1           256      0       0
    BANK2           256      0       0
    BANK3           256      0       0
    BANK4           256      0       0
    BANK5           256      0       0
    BANK6           256      0       0
    BANK7           256      0       0

Pointer List with Targets:

    None.

Critical Paths under _main in COMRAM

    _main->___awdiv

Critical Paths under _ISR in COMRAM

    None.

Critical Paths under _main in BANK0

    None.

Critical Paths under _ISR in BANK0

    None.

Critical Paths under _main in BANK1

    None.

Critical Paths under _ISR in BANK1

    None.

Critical Paths under _main in BANK2

    None.

Critical Paths under _ISR in BANK2

    None.

Critical Paths under _main in BANK3

    None.

Critical Paths under _ISR in BANK3

    None.

Critical Paths under _main in BANK4

    None.

Critical Paths under _ISR in BANK4

    None.

Critical Paths under _main in BANK5

    None.

Critical Paths under _ISR in BANK5

    None.

Critical Paths under _main in BANK6

    None.

Critical Paths under _ISR in BANK6

    None.

Critical Paths under _main in BANK7

    None.

Critical Paths under _ISR in BANK7

    None.

Call Graph Tables:

 ---------------------------------------------------------------------------------
 (Depth) Function   	        Calls       Base Space   Used Autos Params    Refs
 ---------------------------------------------------------------------------------
 (0) _main                                                 2     2      0    1204
                                              9 COMRAM     2     2      0
                        _ExtInt_Init
                          _Port_Init
                        _Timer0_Init
                        _Timer1_Init
                            ___awdiv
                            ___awmod
 ---------------------------------------------------------------------------------
 (1) ___awmod                                              6     2      4     600
                                              1 COMRAM     6     2      4
 ---------------------------------------------------------------------------------
 (1) ___awdiv                                              8     4      4     604
                                              1 COMRAM     8     4      4
 ---------------------------------------------------------------------------------
 (1) _Timer1_Init                                          0     0      0       0
 ---------------------------------------------------------------------------------
 (1) _Timer0_Init                                          0     0      0       0
 ---------------------------------------------------------------------------------
 (1) _Port_Init                                            0     0      0       0
 ---------------------------------------------------------------------------------
 (1) _ExtInt_Init                                          0     0      0       0
 ---------------------------------------------------------------------------------
 Estimated maximum stack depth 1
 ---------------------------------------------------------------------------------
 (Depth) Function   	        Calls       Base Space   Used Autos Params    Refs
 ---------------------------------------------------------------------------------
 (2) _ISR                                                  1     1      0       0
                                              0 COMRAM     1     1      0
 ---------------------------------------------------------------------------------
 Estimated maximum stack depth 2
 ---------------------------------------------------------------------------------

 Call Graph Graphs:

 _main (ROOT)
   _ExtInt_Init
   _Port_Init
   _Timer0_Init
   _Timer1_Init
   ___awdiv
   ___awmod

 _ISR (ROOT)

 Address spaces:
Name               Size   Autos  Total    Cost      Usage
BIGRAM             7FF      0       0      21        0.0%
EEDATA             100      0       0       0        0.0%
BITBANK7           100      0       0      18        0.0%
BANK7              100      0       0      19        0.0%
BITBANK6           100      0       0      16        0.0%
BANK6              100      0       0      17        0.0%
BITBANK5           100      0       0      14        0.0%
BANK5              100      0       0      15        0.0%
BITBANK4           100      0       0      12        0.0%
BANK4              100      0       0      13        0.0%
BITBANK3           100      0       0      10        0.0%
BANK3              100      0       0      11        0.0%
BITBANK2           100      0       0       8        0.0%
BANK2              100      0       0       9        0.0%
BITBANK1           100      0       0       6        0.0%
BANK1              100      0       0       7        0.0%
BITBANK0            A0      0       0       4        0.0%
BANK0               A0      0       0       5        0.0%
BITCOMRAM           5E      0       0       0        0.0%
COMRAM              5E      B      11       1       18.1%
BITSFR               0      0       0     200        0.0%
SFR                  0      0       0     200        0.0%
STACK                0      0       0       2        0.0%
NULL                 0      0       0       0        0.0%
ABS                  0      0      11      20        0.0%
DATA                 0      0      11       3        0.0%
CODE                 0      0       0       0        0.0%


Microchip Technology PIC18 Macro Assembler V2.20 build 20200408173844 
Symbol Table                                                                                   Sun Sep 27 12:48:37 2020

                     l51 0368                       l60 0306                       l54 0328  
                     l57 0344             ___awdiv@sign 0007                      l313 01A4  
                    l326 0254                      l761 0316                      l755 035C  
                    l763 0320                      l771 032A                      l931 0100  
                    l923 00E2                      l765 0322                      l757 0308  
                    l781 033E                      l773 0334                      l941 0134  
                    l933 010E                      l925 00E6                      l783 02DC  
                    l767 0324                      l759 030E                      l775 0338  
                    l951 016E                      l943 013C                      l935 0116  
                    l927 00F4                      l785 0300                      l769 0326  
                    l777 033A                      l961 0194                      l953 0176  
                    l945 0144                      l937 011A                      l929 00FC  
                    l779 033C                      l963 019C                      l955 0178  
                    l947 0152                      l939 0122                      l971 01B8  
                    l957 017E                      l949 0158                      l981 01EC  
                    l973 01C0                      l959 0184                      l991 0228  
                    l983 01F4                      l975 01C4                      l967 01A6  
                    l993 022E                      l985 01FC                      l977 01D2  
                    l969 01AA                      l987 020A                      l995 0234  
                    l979 01DA                      l997 0244                      l989 0220  
                    l999 024C                      u210 00F4                      u211 00F0  
                    u220 010E                      u300 020A                      u221 010A  
                    u301 0206                      u230 0134                      u310 0220  
                    u231 0130                      u311 021C                      u240 0152  
                    u320 0244                      u241 014E                      u321 0240  
                    u250 016E                      u251 016A                      u260 0194  
                    u261 0190                      u270 01B8                      u271 01B4  
                    u280 01D2                      u281 01CE                      u290 01EC  
                    u291 01E8                      _ISR 0008                      _dec 0010  
                    _min 000C                      _sec 000E             ___awmod@sign 0007  
                   ?_ISR 0001                     l1011 027C                     l1003 0256  
                   l1013 0294                     l1005 025E                     l1015 029A  
                   l1007 0262                     l1009 0266                     i2l79 00DE  
                   _main 0256                     btemp 0012                     prodl 000FF3  
                   start 000E             ___param_bank 000000            ??_ExtInt_Init 0002  
                  ??_ISR 0001                    ?_main 0001          __end_of___awdiv 01A6  
        __end_of___awmod 0256          ___awdiv@divisor 0004                    i2l901 0066  
                  i2l911 0094                    i2l903 0068                    i2l921 00DC  
                  i2l913 00B6                    i2l905 0070                    i2l915 00B8  
                  i2l907 0082                    i2l917 00C6                    i2l909 0086  
                  i2l919 00C8                    i2l881 0014                    i2l891 0030  
                  i2l883 0022          ___awdiv@counter 0006                    i2l893 0044  
                  i2l885 0026                    i2l895 0046                    i2l887 0028  
                  i2l897 004E                    i2l889 002C                    i2l899 0052  
                  _TMR0H 000FD7                    _TMR0L 000FD6                    _TMR1L 000FCE  
                  _PORTA 000F80                    _PORTB 000F81                    _PORTC 000F82  
                  _PORTD 000F83                    _TRISA 000F92                    _TRISB 000F93  
                  _TRISC 000F94                    _TRISD 000F95                    ttemp5 0013  
                  ttemp6 0016                    ttemp7 001A                    status 000FD8  
                  wtemp8 0013          __initialization 0346             __end_of_main 02DC  
                 ??_main 000A      __end_of_ExtInt_Init 036A            __activetblptr 000000  
                 _ADCON1 000FC1         ___awdiv@dividend 0002            ??_Timer0_Init 0002  
          ??_Timer1_Init 0002                ??___awdiv 0006                ??___awmod 0006  
       ___awdiv@quotient 0008          ___awmod@divisor 0004          ___awmod@counter 0006  
     __size_of_Port_Init 002C               __accesstop 0060  __end_of__initialization 0352  
          ___rparam_used 000001           __pcstackCOMRAM 0001              _ExtInt_Init 035C  
    __end_of_Timer0_Init 032A      __end_of_Timer1_Init 0346        __end_of_Port_Init 0308  
                i2u20_40 00C6                  i2u20_41 00C2                  i2u13_40 0022  
                i2u13_41 001E                  i2u14_40 0044                  i2u14_41 0040  
                i2u15_40 0066                  i2u15_41 0062                  i2u16_40 0082  
                i2u16_41 007E                  i2u17_40 0094                  i2u17_41 0090  
                i2u18_40 00A6                  i2u18_41 009E                  i2u19_48 00A8  
                __Hparam 0000              _Timer0_Init 0308              _Timer1_Init 032A  
                __Lparam 0000                  ___awdiv 00E2                  ___awmod 01A6  
                __pcinit 0346                  __ramtop 0800                  __ptext0 0256  
                __ptext1 01A6                  __ptext2 00E2                  __ptext3 032A  
                __ptext4 0308                  __ptext5 02DC                  __ptext6 035C  
              _T0CONbits 000FD5             __size_of_ISR 00DA                _T1CONbits 000FCD  
       ___awmod@dividend 0002           __pintcode_body 0012     end_of_initialization 0352  
                int_func 0012                _PORTCbits 000F82             ?_ExtInt_Init 0001  
    start_initialization 0346              __end_of_ISR 00E2                _Port_Init 02DC  
            __pbssCOMRAM 000C             ?_Timer0_Init 0001             ?_Timer1_Init 0001  
              __pintcode 0008                 ?___awdiv 0002                 ?___awmod 0002  
             ?_Port_Init 0001                 _PIE1bits 000F9D                 _PIR1bits 000F9E  
   __size_of_ExtInt_Init 000E              _INTCON2bits 000FF1              _INTCON3bits 000FF0  
               __Hrparam 0000                 __Lrparam 0000              ??_Port_Init 0002  
       __size_of___awdiv 00C4         __size_of___awmod 00B0            __size_of_main 0086  
   __size_of_Timer0_Init 0022     __size_of_Timer1_Init 001C                 int$flags 0012  
             _INTCONbits 000FF2                 intlevel2 0000               _OSCCONbits 000FD3  
