

Microchip MPLAB XC8 Assembler V2.20 build 20200408173844 
                                                                                               Sun Sep 27 18:21:04 2020

Microchip MPLAB XC8 C Compiler v2.20 (Free license) build 20200408173844 Og1 
     1                           	processor	18F4550
     2                           	fnconf	rparam,??,?,0
     3                           	pagewidth 120
     4                           	opt	flic
     5                           	psect	cinit,global,reloc=2,class=CODE,delta=1
     6                           	psect	bssCOMRAM,global,class=COMRAM,space=1,delta=1,lowdata,noexec
     7                           	psect	cstackCOMRAM,global,class=COMRAM,space=1,delta=1,lowdata,noexec
     8                           	psect	text0,global,reloc=2,class=CODE,delta=1
     9                           	psect	text1,global,reloc=2,class=CODE,delta=1,group=1
    10                           	psect	text2,global,reloc=2,class=CODE,delta=1,group=1
    11                           	psect	text3,global,reloc=2,class=CODE,delta=1
    12                           	psect	text4,global,reloc=2,class=CODE,delta=1
    13                           	psect	text5,global,reloc=2,class=CODE,delta=1
    14                           	psect	intcode,global,reloc=2,class=CODE,delta=1
    15                           	psect	intcode_body,global,reloc=2,class=CODE,delta=1
    16                           	psect	intsave_regs,global,class=BIGRAM,space=1,delta=1,noexec
    17                           	psect	rparam,global,class=COMRAM,space=1,delta=1,noexec
    18                           	psect	temp,global,ovrld,common,class=COMRAM,space=1,delta=1
    19                           	psect	idloc,global,abs,ovrld,class=IDLOC,space=5,delta=1,noexec
    20                           	psect	config,global,abs,ovrld,class=CONFIG,space=4,delta=1,noexec
    21  0000                     
    22                           ; Version 2.20
    23                           ; Generated 12/02/2020 GMT
    24                           ; 
    25                           ; Copyright © 2020, Microchip Technology Inc. and its subsidiaries ("Microchip")
    26                           ; All rights reserved.
    27                           ; 
    28                           ; This software is developed by Microchip Technology Inc. and its subsidiaries ("Microch
      +                          ip").
    29                           ; 
    30                           ; Redistribution and use in source and binary forms, with or without modification, are
    31                           ; permitted provided that the following conditions are met:
    32                           ; 
    33                           ;     1. Redistributions of source code must retain the above copyright notice, this lis
      +                          t of
    34                           ;        conditions and the following disclaimer.
    35                           ; 
    36                           ;     2. Redistributions in binary form must reproduce the above copyright notice, this 
      +                          list
    37                           ;        of conditions and the following disclaimer in the documentation and/or other
    38                           ;        materials provided with the distribution.
    39                           ; 
    40                           ;     3. Microchip's name may not be used to endorse or promote products derived from th
      +                          is
    41                           ;        software without specific prior written permission.
    42                           ; 
    43                           ; THIS SOFTWARE IS PROVIDED BY MICROCHIP "AS IS" AND ANY EXPRESS OR IMPLIED WARRANTIES,
    44                           ; INCLUDING, BUT NOT LIMITED TO, THE IMPLIED WARRANTIES OF MERCHANTABILITY AND FITNESS F
      +                          OR
    45                           ; PURPOSE ARE DISCLAIMED.  IN NO EVENT SHALL MICROCHIP BE LIABLE FOR ANY DIRECT, INDIREC
      +                          T,
    46                           ; INCIDENTAL, SPECIAL, EXEMPLARY, OR CONSEQUENTIAL DAMAGES (INCLUDING BUT NOT LIMITED TO
    47                           ; PROCUREMENT OF SUBSTITUTE GOODS OR SERVICES; LOSS OF USE, DATA OR PROFITS; OR BUSINESS
    48                           ; INTERRUPTION) HOWSOEVER CAUSED AND ON ANY THEORY OF LIABILITY, WHETHER IN CONTRACT, ST
      +                          RICT
    49                           ; LIABILITY, OR TORT (INCLUDING NEGLIGENCE OR OTHERWISE) ARISING IN ANY WAY OUT OF THE U
      +                          SE OF
    50                           ; THIS SOFTWARE, EVEN IF ADVISED OF THE POSSIBILITY OF SUCH DAMAGE.
    51                           ; 
    52                           ; 
    53                           ; Code-generator required, PIC18F4550 Definitions
    54                           ; 
    55                           ; SFR Addresses
    56  0000                     _PORTBbits	set	3969
    57  0000                     _PORTD	set	3971
    58  0000                     _PORTB	set	3969
    59  0000                     _TRISD	set	3989
    60  0000                     _TRISB	set	3987
    61  0000                     _ADCON1	set	4033
    62  0000                     _OSCCONbits	set	4051
    63  0000                     _TMR0L	set	4054
    64  0000                     _TMR0H	set	4055
    65  0000                     _T0CONbits	set	4053
    66  0000                     _INTCON3bits	set	4080
    67  0000                     _INTCONbits	set	4082
    68  0000                     _INTCON2bits	set	4081
    69                           
    70                           ; #config settings
    71                           
    72                           	psect	cinit
    73  00030E                     __pcinit:
    74                           	callstack 0
    75  00030E                     start_initialization:
    76                           	callstack 0
    77  00030E                     __initialization:
    78                           	callstack 0
    79                           
    80                           ; Clear objects allocated to COMRAM (4 bytes)
    81  00030E  6A0E               	clrf	(__pbssCOMRAM+3)& (0+255),c
    82  000310  6A0D               	clrf	(__pbssCOMRAM+2)& (0+255),c
    83  000312  6A0C               	clrf	(__pbssCOMRAM+1)& (0+255),c
    84  000314  6A0B               	clrf	__pbssCOMRAM& (0+255),c
    85  000316                     end_of_initialization:
    86                           	callstack 0
    87  000316                     __end_of__initialization:
    88                           	callstack 0
    89  000316  900F               	bcf	int$flags,0,c	;clear compiler interrupt flag (level 1)
    90  000318  920F               	bcf	int$flags,1,c	;clear compiler interrupt flag (level 2)
    91  00031A  0100               	movlb	0
    92  00031C  EF09  F000         	goto	_main	;jump to C main() function
    93                           
    94                           	psect	bssCOMRAM
    95  00000B                     __pbssCOMRAM:
    96                           	callstack 0
    97  00000B                     _flag:
    98                           	callstack 0
    99  00000B                     	ds	2
   100  00000D                     _sec:
   101                           	callstack 0
   102  00000D                     	ds	2
   103                           
   104                           	psect	cstackCOMRAM
   105  000001                     __pcstackCOMRAM:
   106                           	callstack 0
   107  000001                     ?___awdiv:
   108                           	callstack 0
   109  000001                     ?___awmod:
   110                           	callstack 0
   111  000001                     ___awdiv@dividend:
   112                           	callstack 0
   113  000001                     ___awmod@dividend:
   114                           	callstack 0
   115                           
   116                           ; 2 bytes @ 0x0
   117  000001                     	ds	2
   118  000003                     ___awdiv@divisor:
   119                           	callstack 0
   120  000003                     ___awmod@divisor:
   121                           	callstack 0
   122                           
   123                           ; 2 bytes @ 0x2
   124  000003                     	ds	2
   125  000005                     ___awdiv@counter:
   126                           	callstack 0
   127  000005                     ___awmod@counter:
   128                           	callstack 0
   129                           
   130                           ; 1 bytes @ 0x4
   131  000005                     	ds	1
   132  000006                     ___awdiv@sign:
   133                           	callstack 0
   134  000006                     ___awmod@sign:
   135                           	callstack 0
   136                           
   137                           ; 1 bytes @ 0x5
   138  000006                     	ds	1
   139  000007                     ___awdiv@quotient:
   140                           	callstack 0
   141                           
   142                           ; 2 bytes @ 0x6
   143  000007                     	ds	2
   144  000009                     ??_main:
   145                           
   146                           ; 1 bytes @ 0x8
   147  000009                     	ds	2
   148                           
   149 ;;
   150 ;;Main: autosize = 0, tempsize = 2, incstack = 0, save=0
   151 ;;
   152 ;; *************** function _main *****************
   153 ;; Defined at:
   154 ;;		line 47 in file "newmain.c"
   155 ;; Parameters:    Size  Location     Type
   156 ;;		None
   157 ;; Auto vars:     Size  Location     Type
   158 ;;		None
   159 ;; Return value:  Size  Location     Type
   160 ;;                  1    wreg      void 
   161 ;; Registers used:
   162 ;;		wreg, status,2, status,0, prodl, prodh, cstack
   163 ;; Tracked objects:
   164 ;;		On entry : 0/0
   165 ;;		On exit  : 0/0
   166 ;;		Unchanged: 0/0
   167 ;; Data sizes:     COMRAM   BANK0   BANK1   BANK2   BANK3   BANK4   BANK5   BANK6   BANK7
   168 ;;      Params:         0       0       0       0       0       0       0       0       0
   169 ;;      Locals:         0       0       0       0       0       0       0       0       0
   170 ;;      Temps:          2       0       0       0       0       0       0       0       0
   171 ;;      Totals:         2       0       0       0       0       0       0       0       0
   172 ;;Total ram usage:        2 bytes
   173 ;; Hardware stack levels required when called:    2
   174 ;; This function calls:
   175 ;;		_ExtInt_Init
   176 ;;		_Port_Init
   177 ;;		_Timer0_Init
   178 ;;		___awdiv
   179 ;;		___awmod
   180 ;; This function is called by:
   181 ;;		Startup code after reset
   182 ;; This function uses a non-reentrant model
   183 ;;
   184                           
   185                           	psect	text0
   186  000012                     __ptext0:
   187                           	callstack 0
   188  000012                     _main:
   189                           	callstack 29
   190  000012                     
   191                           ;newmain.c: 48:                 PORTBbits.RB2=0;
   192  000012  EC69  F001         	call	_Timer0_Init	;wreg free
   193  000016                     
   194                           ;newmain.c: 49:                 PORTBbits.RB4=0;
   195  000016  EC90  F001         	call	_ExtInt_Init	;wreg free
   196  00001A                     
   197                           ;newmain.c: 50:                 PORTBbits.RB3=1;
   198  00001A  EC7A  F001         	call	_Port_Init	;wreg free
   199  00001E                     l973:
   200                           
   201                           ;newmain.c: 52:             }
   202  00001E  C00D  F001         	movff	_sec,___awmod@dividend
   203  000022  C00E  F002         	movff	_sec+1,___awmod@dividend+1
   204  000026  0E00               	movlw	0
   205  000028  6E04               	movwf	(___awmod@divisor+1)^0,c
   206  00002A  0E0A               	movlw	10
   207  00002C  6E03               	movwf	___awmod@divisor^0,c
   208  00002E  ECE8  F000         	call	___awmod	;wreg free
   209  000032  C001  F009         	movff	?___awmod,??_main
   210  000036  C002  F00A         	movff	?___awmod+1,??_main+1
   211  00003A  C00D  F001         	movff	_sec,___awdiv@dividend
   212  00003E  C00E  F002         	movff	_sec+1,___awdiv@dividend+1
   213  000042  0E00               	movlw	0
   214  000044  6E04               	movwf	(___awdiv@divisor+1)^0,c
   215  000046  0E0A               	movlw	10
   216  000048  6E03               	movwf	___awdiv@divisor^0,c
   217  00004A  EC86  F000         	call	___awdiv	;wreg free
   218  00004E  5001               	movf	?___awdiv^0,w,c
   219  000050  0D10               	mullw	16
   220  000052  50F3               	movf	243,w,c
   221  000054  2409               	addwf	??_main^0,w,c
   222  000056  6E83               	movwf	131,c	;volatile
   223  000058                     
   224                           ;newmain.c: 53:             if(sec>=2){
   225  000058  500B               	movf	_flag^0,w,c
   226  00005A  100C               	iorwf	(_flag+1)^0,w,c
   227  00005C  A4D8               	btfss	status,2,c
   228  00005E  EF33  F000         	goto	u341
   229  000062  EF35  F000         	goto	u340
   230  000066                     u341:
   231  000066  EF63  F000         	goto	l989
   232  00006A                     u340:
   233  00006A                     
   234                           ;newmain.c: 54:                 sec=0;
   235  00006A  500D               	movf	_sec^0,w,c
   236  00006C  100E               	iorwf	(_sec+1)^0,w,c
   237  00006E  A4D8               	btfss	status,2,c
   238  000070  EF3C  F000         	goto	u351
   239  000074  EF3E  F000         	goto	u350
   240  000078                     u351:
   241  000078  EF42  F000         	goto	l981
   242  00007C                     u350:
   243  00007C                     
   244                           ;newmain.c: 55:             }
   245  00007C  9681               	bcf	129,3,c	;volatile
   246                           
   247                           ;newmain.c: 56:         }
   248  00007E  9A81               	bcf	129,5,c	;volatile
   249                           
   250                           ;newmain.c: 57:         else{
   251  000080  8481               	bsf	129,2,c	;volatile
   252                           
   253                           ;newmain.c: 58:             if(sec==0){
   254  000082  8881               	bsf	129,4,c	;volatile
   255  000084                     l981:
   256                           
   257                           ;newmain.c: 60:                 PORTBbits.RB5=0;
   258  000084  040D               	decf	_sec^0,w,c
   259  000086  100E               	iorwf	(_sec+1)^0,w,c
   260  000088  A4D8               	btfss	status,2,c
   261  00008A  EF49  F000         	goto	u361
   262  00008E  EF4B  F000         	goto	u360
   263  000092                     u361:
   264  000092  EF4F  F000         	goto	l985
   265  000096                     u360:
   266  000096                     
   267                           ;newmain.c: 61:                 PORTBbits.RB2=1;
   268  000096  9481               	bcf	129,2,c	;volatile
   269                           
   270                           ;newmain.c: 62:                 PORTBbits.RB4=1;
   271  000098  9881               	bcf	129,4,c	;volatile
   272                           
   273                           ;newmain.c: 63:             }
   274  00009A  8681               	bsf	129,3,c	;volatile
   275                           
   276                           ;newmain.c: 64:             if(sec==15){
   277  00009C  8A81               	bsf	129,5,c	;volatile
   278  00009E                     l985:
   279                           
   280                           ;newmain.c: 66:                 flag=0;
   281  00009E  BE0E               	btfsc	(_sec+1)^0,7,c
   282  0000A0  EF5B  F000         	goto	u371
   283  0000A4  500E               	movf	(_sec+1)^0,w,c
   284  0000A6  E109               	bnz	u370
   285  0000A8  0E02               	movlw	2
   286  0000AA  5C0D               	subwf	_sec^0,w,c
   287  0000AC  A0D8               	btfss	status,0,c
   288  0000AE  EF5B  F000         	goto	u371
   289  0000B2  EF5D  F000         	goto	u370
   290  0000B6                     u371:
   291  0000B6  EF0F  F000         	goto	l973
   292  0000BA                     u370:
   293  0000BA                     
   294                           ;newmain.c: 67:             }
   295  0000BA  0E00               	movlw	0
   296  0000BC  6E0E               	movwf	(_sec+1)^0,c
   297  0000BE  0E00               	movlw	0
   298  0000C0  6E0D               	movwf	_sec^0,c
   299  0000C2  EF0F  F000         	goto	l973
   300  0000C6                     l989:
   301                           
   302                           ;newmain.c: 71: }
   303  0000C6  500D               	movf	_sec^0,w,c
   304  0000C8  100E               	iorwf	(_sec+1)^0,w,c
   305  0000CA  A4D8               	btfss	status,2,c
   306  0000CC  EF6A  F000         	goto	u381
   307  0000D0  EF6C  F000         	goto	u380
   308  0000D4                     u381:
   309  0000D4  EF70  F000         	goto	l993
   310  0000D8                     u380:
   311  0000D8                     
   312                           ;newmain.c: 72: 
   313  0000D8  9681               	bcf	129,3,c	;volatile
   314                           
   315                           ;newmain.c: 73: void __attribute__((picinterrupt((""))))ISR(void){
   316  0000DA  9A81               	bcf	129,5,c	;volatile
   317                           
   318                           ;newmain.c: 74:     if(INTCONbits.TMR0IF==1){
   319  0000DC  8481               	bsf	129,2,c	;volatile
   320                           
   321                           ;newmain.c: 75:         sec++;
   322  0000DE  8881               	bsf	129,4,c	;volatile
   323  0000E0                     l993:
   324                           
   325                           ;newmain.c: 77:         TMR0H=(3036)>>8;
   326  0000E0  0E0F               	movlw	15
   327  0000E2  180D               	xorwf	_sec^0,w,c
   328  0000E4  100E               	iorwf	(_sec+1)^0,w,c
   329  0000E6  A4D8               	btfss	status,2,c
   330  0000E8  EF78  F000         	goto	u391
   331  0000EC  EF7A  F000         	goto	u390
   332  0000F0                     u391:
   333  0000F0  EF0F  F000         	goto	l973
   334  0000F4                     u390:
   335  0000F4                     
   336                           ;newmain.c: 78:         TMR0L=3036;
   337  0000F4  0E00               	movlw	0
   338  0000F6  6E0E               	movwf	(_sec+1)^0,c
   339  0000F8  0E00               	movlw	0
   340  0000FA  6E0D               	movwf	_sec^0,c
   341                           
   342                           ;newmain.c: 79:     }
   343  0000FC  0E00               	movlw	0
   344  0000FE  6E0C               	movwf	(_flag+1)^0,c
   345  000100  0E00               	movlw	0
   346  000102  6E0B               	movwf	_flag^0,c
   347  000104  EF0F  F000         	goto	l973
   348  000108  EF07  F000         	goto	start
   349  00010C                     __end_of_main:
   350                           	callstack 0
   351                           
   352 ;; *************** function ___awmod *****************
   353 ;; Defined at:
   354 ;;		line 7 in file "C:\Program Files\Microchip\xc8\v2.20\pic\sources\c99\common\awmod.c"
   355 ;; Parameters:    Size  Location     Type
   356 ;;  dividend        2    0[COMRAM] int 
   357 ;;  divisor         2    2[COMRAM] int 
   358 ;; Auto vars:     Size  Location     Type
   359 ;;  sign            1    5[COMRAM] unsigned char 
   360 ;;  counter         1    4[COMRAM] unsigned char 
   361 ;; Return value:  Size  Location     Type
   362 ;;                  2    0[COMRAM] int 
   363 ;; Registers used:
   364 ;;		wreg, status,2, status,0
   365 ;; Tracked objects:
   366 ;;		On entry : 0/0
   367 ;;		On exit  : 0/0
   368 ;;		Unchanged: 0/0
   369 ;; Data sizes:     COMRAM   BANK0   BANK1   BANK2   BANK3   BANK4   BANK5   BANK6   BANK7
   370 ;;      Params:         4       0       0       0       0       0       0       0       0
   371 ;;      Locals:         2       0       0       0       0       0       0       0       0
   372 ;;      Temps:          0       0       0       0       0       0       0       0       0
   373 ;;      Totals:         6       0       0       0       0       0       0       0       0
   374 ;;Total ram usage:        6 bytes
   375 ;; Hardware stack levels used:    1
   376 ;; Hardware stack levels required when called:    1
   377 ;; This function calls:
   378 ;;		Nothing
   379 ;; This function is called by:
   380 ;;		_main
   381 ;; This function uses a non-reentrant model
   382 ;;
   383                           
   384                           	psect	text1
   385  0001D0                     __ptext1:
   386                           	callstack 0
   387  0001D0                     ___awmod:
   388                           	callstack 29
   389  0001D0  0E00               	movlw	0
   390  0001D2  6E06               	movwf	___awmod@sign^0,c
   391  0001D4  BE02               	btfsc	(___awmod@dividend+1)^0,7,c
   392  0001D6  EFF1  F000         	goto	u280
   393  0001DA  EFEF  F000         	goto	u281
   394  0001DE                     u281:
   395  0001DE  EFF7  F000         	goto	l939
   396  0001E2                     u280:
   397  0001E2  6C01               	negf	___awmod@dividend^0,c
   398  0001E4  1E02               	comf	(___awmod@dividend+1)^0,f,c
   399  0001E6  B0D8               	btfsc	status,0,c
   400  0001E8  2A02               	incf	(___awmod@dividend+1)^0,f,c
   401  0001EA  0E01               	movlw	1
   402  0001EC  6E06               	movwf	___awmod@sign^0,c
   403  0001EE                     l939:
   404  0001EE  BE04               	btfsc	(___awmod@divisor+1)^0,7,c
   405  0001F0  EFFE  F000         	goto	u290
   406  0001F4  EFFC  F000         	goto	u291
   407  0001F8                     u291:
   408  0001F8  EF02  F001         	goto	l943
   409  0001FC                     u290:
   410  0001FC  6C03               	negf	___awmod@divisor^0,c
   411  0001FE  1E04               	comf	(___awmod@divisor+1)^0,f,c
   412  000200  B0D8               	btfsc	status,0,c
   413  000202  2A04               	incf	(___awmod@divisor+1)^0,f,c
   414  000204                     l943:
   415  000204  5003               	movf	___awmod@divisor^0,w,c
   416  000206  1004               	iorwf	(___awmod@divisor+1)^0,w,c
   417  000208  B4D8               	btfsc	status,2,c
   418  00020A  EF09  F001         	goto	u301
   419  00020E  EF0B  F001         	goto	u300
   420  000212                     u301:
   421  000212  EF2F  F001         	goto	l959
   422  000216                     u300:
   423  000216  0E01               	movlw	1
   424  000218  6E05               	movwf	___awmod@counter^0,c
   425  00021A  EF13  F001         	goto	l949
   426  00021E                     l947:
   427  00021E  90D8               	bcf	status,0,c
   428  000220  3603               	rlcf	___awmod@divisor^0,f,c
   429  000222  3604               	rlcf	(___awmod@divisor+1)^0,f,c
   430  000224  2A05               	incf	___awmod@counter^0,f,c
   431  000226                     l949:
   432  000226  AE04               	btfss	(___awmod@divisor+1)^0,7,c
   433  000228  EF18  F001         	goto	u311
   434  00022C  EF1A  F001         	goto	u310
   435  000230                     u311:
   436  000230  EF0F  F001         	goto	l947
   437  000234                     u310:
   438  000234                     l951:
   439  000234  5003               	movf	___awmod@divisor^0,w,c
   440  000236  5C01               	subwf	___awmod@dividend^0,w,c
   441  000238  5004               	movf	(___awmod@divisor+1)^0,w,c
   442  00023A  5802               	subwfb	(___awmod@dividend+1)^0,w,c
   443  00023C  A0D8               	btfss	status,0,c
   444  00023E  EF23  F001         	goto	u321
   445  000242  EF25  F001         	goto	u320
   446  000246                     u321:
   447  000246  EF29  F001         	goto	l955
   448  00024A                     u320:
   449  00024A  5003               	movf	___awmod@divisor^0,w,c
   450  00024C  5E01               	subwf	___awmod@dividend^0,f,c
   451  00024E  5004               	movf	(___awmod@divisor+1)^0,w,c
   452  000250  5A02               	subwfb	(___awmod@dividend+1)^0,f,c
   453  000252                     l955:
   454  000252  90D8               	bcf	status,0,c
   455  000254  3204               	rrcf	(___awmod@divisor+1)^0,f,c
   456  000256  3203               	rrcf	___awmod@divisor^0,f,c
   457  000258  2E05               	decfsz	___awmod@counter^0,f,c
   458  00025A  EF1A  F001         	goto	l951
   459  00025E                     l959:
   460  00025E  5006               	movf	___awmod@sign^0,w,c
   461  000260  B4D8               	btfsc	status,2,c
   462  000262  EF35  F001         	goto	u331
   463  000266  EF37  F001         	goto	u330
   464  00026A                     u331:
   465  00026A  EF3B  F001         	goto	l963
   466  00026E                     u330:
   467  00026E  6C01               	negf	___awmod@dividend^0,c
   468  000270  1E02               	comf	(___awmod@dividend+1)^0,f,c
   469  000272  B0D8               	btfsc	status,0,c
   470  000274  2A02               	incf	(___awmod@dividend+1)^0,f,c
   471  000276                     l963:
   472  000276  C001  F001         	movff	___awmod@dividend,?___awmod
   473  00027A  C002  F002         	movff	___awmod@dividend+1,?___awmod+1
   474  00027E  0012               	return		;funcret
   475  000280                     __end_of___awmod:
   476                           	callstack 0
   477                           
   478 ;; *************** function ___awdiv *****************
   479 ;; Defined at:
   480 ;;		line 7 in file "C:\Program Files\Microchip\xc8\v2.20\pic\sources\c99\common\awdiv.c"
   481 ;; Parameters:    Size  Location     Type
   482 ;;  dividend        2    0[COMRAM] int 
   483 ;;  divisor         2    2[COMRAM] int 
   484 ;; Auto vars:     Size  Location     Type
   485 ;;  quotient        2    6[COMRAM] int 
   486 ;;  sign            1    5[COMRAM] unsigned char 
   487 ;;  counter         1    4[COMRAM] unsigned char 
   488 ;; Return value:  Size  Location     Type
   489 ;;                  2    0[COMRAM] int 
   490 ;; Registers used:
   491 ;;		wreg, status,2, status,0
   492 ;; Tracked objects:
   493 ;;		On entry : 0/0
   494 ;;		On exit  : 0/0
   495 ;;		Unchanged: 0/0
   496 ;; Data sizes:     COMRAM   BANK0   BANK1   BANK2   BANK3   BANK4   BANK5   BANK6   BANK7
   497 ;;      Params:         4       0       0       0       0       0       0       0       0
   498 ;;      Locals:         4       0       0       0       0       0       0       0       0
   499 ;;      Temps:          0       0       0       0       0       0       0       0       0
   500 ;;      Totals:         8       0       0       0       0       0       0       0       0
   501 ;;Total ram usage:        8 bytes
   502 ;; Hardware stack levels used:    1
   503 ;; Hardware stack levels required when called:    1
   504 ;; This function calls:
   505 ;;		Nothing
   506 ;; This function is called by:
   507 ;;		_main
   508 ;; This function uses a non-reentrant model
   509 ;;
   510                           
   511                           	psect	text2
   512  00010C                     __ptext2:
   513                           	callstack 0
   514  00010C                     ___awdiv:
   515                           	callstack 29
   516  00010C  0E00               	movlw	0
   517  00010E  6E06               	movwf	___awdiv@sign^0,c
   518  000110  BE04               	btfsc	(___awdiv@divisor+1)^0,7,c
   519  000112  EF8F  F000         	goto	u220
   520  000116  EF8D  F000         	goto	u221
   521  00011A                     u221:
   522  00011A  EF95  F000         	goto	l895
   523  00011E                     u220:
   524  00011E  6C03               	negf	___awdiv@divisor^0,c
   525  000120  1E04               	comf	(___awdiv@divisor+1)^0,f,c
   526  000122  B0D8               	btfsc	status,0,c
   527  000124  2A04               	incf	(___awdiv@divisor+1)^0,f,c
   528  000126  0E01               	movlw	1
   529  000128  6E06               	movwf	___awdiv@sign^0,c
   530  00012A                     l895:
   531  00012A  BE02               	btfsc	(___awdiv@dividend+1)^0,7,c
   532  00012C  EF9C  F000         	goto	u230
   533  000130  EF9A  F000         	goto	u231
   534  000134                     u231:
   535  000134  EFA2  F000         	goto	l901
   536  000138                     u230:
   537  000138  6C01               	negf	___awdiv@dividend^0,c
   538  00013A  1E02               	comf	(___awdiv@dividend+1)^0,f,c
   539  00013C  B0D8               	btfsc	status,0,c
   540  00013E  2A02               	incf	(___awdiv@dividend+1)^0,f,c
   541  000140  0E01               	movlw	1
   542  000142  1A06               	xorwf	___awdiv@sign^0,f,c
   543  000144                     l901:
   544  000144  0E00               	movlw	0
   545  000146  6E08               	movwf	(___awdiv@quotient+1)^0,c
   546  000148  0E00               	movlw	0
   547  00014A  6E07               	movwf	___awdiv@quotient^0,c
   548  00014C  5003               	movf	___awdiv@divisor^0,w,c
   549  00014E  1004               	iorwf	(___awdiv@divisor+1)^0,w,c
   550  000150  B4D8               	btfsc	status,2,c
   551  000152  EFAD  F000         	goto	u241
   552  000156  EFAF  F000         	goto	u240
   553  00015A                     u241:
   554  00015A  EFD7  F000         	goto	l923
   555  00015E                     u240:
   556  00015E  0E01               	movlw	1
   557  000160  6E05               	movwf	___awdiv@counter^0,c
   558  000162  EFB7  F000         	goto	l909
   559  000166                     l907:
   560  000166  90D8               	bcf	status,0,c
   561  000168  3603               	rlcf	___awdiv@divisor^0,f,c
   562  00016A  3604               	rlcf	(___awdiv@divisor+1)^0,f,c
   563  00016C  2A05               	incf	___awdiv@counter^0,f,c
   564  00016E                     l909:
   565  00016E  AE04               	btfss	(___awdiv@divisor+1)^0,7,c
   566  000170  EFBC  F000         	goto	u251
   567  000174  EFBE  F000         	goto	u250
   568  000178                     u251:
   569  000178  EFB3  F000         	goto	l907
   570  00017C                     u250:
   571  00017C                     l911:
   572  00017C  90D8               	bcf	status,0,c
   573  00017E  3607               	rlcf	___awdiv@quotient^0,f,c
   574  000180  3608               	rlcf	(___awdiv@quotient+1)^0,f,c
   575  000182  5003               	movf	___awdiv@divisor^0,w,c
   576  000184  5C01               	subwf	___awdiv@dividend^0,w,c
   577  000186  5004               	movf	(___awdiv@divisor+1)^0,w,c
   578  000188  5802               	subwfb	(___awdiv@dividend+1)^0,w,c
   579  00018A  A0D8               	btfss	status,0,c
   580  00018C  EFCA  F000         	goto	u261
   581  000190  EFCC  F000         	goto	u260
   582  000194                     u261:
   583  000194  EFD1  F000         	goto	l919
   584  000198                     u260:
   585  000198  5003               	movf	___awdiv@divisor^0,w,c
   586  00019A  5E01               	subwf	___awdiv@dividend^0,f,c
   587  00019C  5004               	movf	(___awdiv@divisor+1)^0,w,c
   588  00019E  5A02               	subwfb	(___awdiv@dividend+1)^0,f,c
   589  0001A0  8007               	bsf	___awdiv@quotient^0,0,c
   590  0001A2                     l919:
   591  0001A2  90D8               	bcf	status,0,c
   592  0001A4  3204               	rrcf	(___awdiv@divisor+1)^0,f,c
   593  0001A6  3203               	rrcf	___awdiv@divisor^0,f,c
   594  0001A8  2E05               	decfsz	___awdiv@counter^0,f,c
   595  0001AA  EFBE  F000         	goto	l911
   596  0001AE                     l923:
   597  0001AE  5006               	movf	___awdiv@sign^0,w,c
   598  0001B0  B4D8               	btfsc	status,2,c
   599  0001B2  EFDD  F000         	goto	u271
   600  0001B6  EFDF  F000         	goto	u270
   601  0001BA                     u271:
   602  0001BA  EFE3  F000         	goto	l927
   603  0001BE                     u270:
   604  0001BE  6C07               	negf	___awdiv@quotient^0,c
   605  0001C0  1E08               	comf	(___awdiv@quotient+1)^0,f,c
   606  0001C2  B0D8               	btfsc	status,0,c
   607  0001C4  2A08               	incf	(___awdiv@quotient+1)^0,f,c
   608  0001C6                     l927:
   609  0001C6  C007  F001         	movff	___awdiv@quotient,?___awdiv
   610  0001CA  C008  F002         	movff	___awdiv@quotient+1,?___awdiv+1
   611  0001CE  0012               	return		;funcret
   612  0001D0                     __end_of___awdiv:
   613                           	callstack 0
   614                           
   615 ;; *************** function _Timer0_Init *****************
   616 ;; Defined at:
   617 ;;		line 24 in file "newmain.c"
   618 ;; Parameters:    Size  Location     Type
   619 ;;		None
   620 ;; Auto vars:     Size  Location     Type
   621 ;;		None
   622 ;; Return value:  Size  Location     Type
   623 ;;                  1    wreg      void 
   624 ;; Registers used:
   625 ;;		wreg, status,2
   626 ;; Tracked objects:
   627 ;;		On entry : 0/0
   628 ;;		On exit  : 0/0
   629 ;;		Unchanged: 0/0
   630 ;; Data sizes:     COMRAM   BANK0   BANK1   BANK2   BANK3   BANK4   BANK5   BANK6   BANK7
   631 ;;      Params:         0       0       0       0       0       0       0       0       0
   632 ;;      Locals:         0       0       0       0       0       0       0       0       0
   633 ;;      Temps:          0       0       0       0       0       0       0       0       0
   634 ;;      Totals:         0       0       0       0       0       0       0       0       0
   635 ;;Total ram usage:        0 bytes
   636 ;; Hardware stack levels used:    1
   637 ;; Hardware stack levels required when called:    1
   638 ;; This function calls:
   639 ;;		Nothing
   640 ;; This function is called by:
   641 ;;		_main
   642 ;; This function uses a non-reentrant model
   643 ;;
   644                           
   645                           	psect	text3
   646  0002D2                     __ptext3:
   647                           	callstack 0
   648  0002D2                     _Timer0_Init:
   649                           	callstack 29
   650  0002D2                     
   651                           ;newmain.c: 25: void Port_Init(void){
   652  0002D2  9EF2               	bcf	242,7,c	;volatile
   653                           
   654                           ;newmain.c: 26:     OSCCONbits.IRCF=0b111;
   655  0002D4  9AD5               	bcf	213,5,c	;volatile
   656                           
   657                           ;newmain.c: 27:     ADCON1=0b00001111;
   658  0002D6  96D5               	bcf	213,3,c	;volatile
   659  0002D8                     
   660                           ;newmain.c: 28:     TRISB=0b00000011;
   661  0002D8  50D5               	movf	213,w,c	;volatile
   662  0002DA  0BF8               	andlw	-8
   663  0002DC  0904               	iorlw	4
   664  0002DE  6ED5               	movwf	213,c	;volatile
   665  0002E0                     
   666                           ;newmain.c: 29:     TRISD=0;
   667  0002E0  9CD5               	bcf	213,6,c	;volatile
   668                           
   669                           ;newmain.c: 30:     PORTB=0;
   670  0002E2  0E0B               	movlw	11
   671  0002E4  6ED7               	movwf	215,c	;volatile
   672                           
   673                           ;newmain.c: 31:     PORTD=0;
   674  0002E6  0EDC               	movlw	220
   675  0002E8  6ED6               	movwf	214,c	;volatile
   676  0002EA                     
   677                           ;newmain.c: 32: }
   678  0002EA  8ED5               	bsf	213,7,c	;volatile
   679  0002EC                     
   680                           ;newmain.c: 33: 
   681  0002EC  94F2               	bcf	242,2,c	;volatile
   682  0002EE                     
   683                           ;newmain.c: 34: void main(void) {
   684  0002EE  8AF2               	bsf	242,5,c	;volatile
   685  0002F0                     
   686                           ;newmain.c: 35:     Timer0_Init();
   687  0002F0  8EF2               	bsf	242,7,c	;volatile
   688  0002F2  0012               	return		;funcret
   689  0002F4                     __end_of_Timer0_Init:
   690                           	callstack 0
   691                           
   692 ;; *************** function _Port_Init *****************
   693 ;; Defined at:
   694 ;;		line 38 in file "newmain.c"
   695 ;; Parameters:    Size  Location     Type
   696 ;;		None
   697 ;; Auto vars:     Size  Location     Type
   698 ;;		None
   699 ;; Return value:  Size  Location     Type
   700 ;;                  1    wreg      void 
   701 ;; Registers used:
   702 ;;		wreg, status,2
   703 ;; Tracked objects:
   704 ;;		On entry : 0/0
   705 ;;		On exit  : 0/0
   706 ;;		Unchanged: 0/0
   707 ;; Data sizes:     COMRAM   BANK0   BANK1   BANK2   BANK3   BANK4   BANK5   BANK6   BANK7
   708 ;;      Params:         0       0       0       0       0       0       0       0       0
   709 ;;      Locals:         0       0       0       0       0       0       0       0       0
   710 ;;      Temps:          0       0       0       0       0       0       0       0       0
   711 ;;      Totals:         0       0       0       0       0       0       0       0       0
   712 ;;Total ram usage:        0 bytes
   713 ;; Hardware stack levels used:    1
   714 ;; Hardware stack levels required when called:    1
   715 ;; This function calls:
   716 ;;		Nothing
   717 ;; This function is called by:
   718 ;;		_main
   719 ;; This function uses a non-reentrant model
   720 ;;
   721                           
   722                           	psect	text4
   723  0002F4                     __ptext4:
   724                           	callstack 0
   725  0002F4                     _Port_Init:
   726                           	callstack 29
   727  0002F4                     
   728                           ;newmain.c: 39:         PORTD=((sec/10)*16)+(sec%10);
   729  0002F4  0E70               	movlw	112
   730  0002F6  12D3               	iorwf	211,f,c	;volatile
   731                           
   732                           ;newmain.c: 40:         if(flag==0){
   733  0002F8  0E0F               	movlw	15
   734  0002FA  6EC1               	movwf	193,c	;volatile
   735                           
   736                           ;newmain.c: 41:             if(sec==0){
   737  0002FC  0E03               	movlw	3
   738  0002FE  6E93               	movwf	147,c	;volatile
   739                           
   740                           ;newmain.c: 42:                 PORTBbits.RB3=0;
   741  000300  0E00               	movlw	0
   742  000302  6E95               	movwf	149,c	;volatile
   743                           
   744                           ;newmain.c: 43:                 PORTBbits.RB5=0;
   745  000304  0E00               	movlw	0
   746  000306  6E81               	movwf	129,c	;volatile
   747                           
   748                           ;newmain.c: 44:                 PORTBbits.RB2=1;
   749  000308  0E00               	movlw	0
   750  00030A  6E83               	movwf	131,c	;volatile
   751  00030C  0012               	return		;funcret
   752  00030E                     __end_of_Port_Init:
   753                           	callstack 0
   754                           
   755 ;; *************** function _ExtInt_Init *****************
   756 ;; Defined at:
   757 ;;		line 15 in file "newmain.c"
   758 ;; Parameters:    Size  Location     Type
   759 ;;		None
   760 ;; Auto vars:     Size  Location     Type
   761 ;;		None
   762 ;; Return value:  Size  Location     Type
   763 ;;                  1    wreg      void 
   764 ;; Registers used:
   765 ;;		None
   766 ;; Tracked objects:
   767 ;;		On entry : 0/0
   768 ;;		On exit  : 0/0
   769 ;;		Unchanged: 0/0
   770 ;; Data sizes:     COMRAM   BANK0   BANK1   BANK2   BANK3   BANK4   BANK5   BANK6   BANK7
   771 ;;      Params:         0       0       0       0       0       0       0       0       0
   772 ;;      Locals:         0       0       0       0       0       0       0       0       0
   773 ;;      Temps:          0       0       0       0       0       0       0       0       0
   774 ;;      Totals:         0       0       0       0       0       0       0       0       0
   775 ;;Total ram usage:        0 bytes
   776 ;; Hardware stack levels used:    1
   777 ;; Hardware stack levels required when called:    1
   778 ;; This function calls:
   779 ;;		Nothing
   780 ;; This function is called by:
   781 ;;		_main
   782 ;; This function uses a non-reentrant model
   783 ;;
   784                           
   785                           	psect	text5
   786  000320                     __ptext5:
   787                           	callstack 0
   788  000320                     _ExtInt_Init:
   789                           	callstack 29
   790  000320                     
   791                           ;newmain.c: 16:     T0CONbits.T08BIT=0;
   792  000320  8CF1               	bsf	241,6,c	;volatile
   793                           
   794                           ;newmain.c: 17:     TMR0H=(3036)>>8;
   795  000322  8AF1               	bsf	241,5,c	;volatile
   796                           
   797                           ;newmain.c: 18:     TMR0L=3036;
   798  000324  92F2               	bcf	242,1,c	;volatile
   799                           
   800                           ;newmain.c: 19:     T0CONbits.TMR0ON=1;
   801  000326  88F2               	bsf	242,4,c	;volatile
   802                           
   803                           ;newmain.c: 20:     INTCONbits.TMR0IF=0;
   804  000328  90F0               	bcf	240,0,c	;volatile
   805                           
   806                           ;newmain.c: 21:     INTCONbits.TMR0IE=1;
   807  00032A  86F0               	bsf	240,3,c	;volatile
   808  00032C  0012               	return		;funcret
   809  00032E                     __end_of_ExtInt_Init:
   810                           	callstack 0
   811                           
   812 ;; *************** function _ISR *****************
   813 ;; Defined at:
   814 ;;		line 86 in file "newmain.c"
   815 ;; Parameters:    Size  Location     Type
   816 ;;		None
   817 ;; Auto vars:     Size  Location     Type
   818 ;;		None
   819 ;; Return value:  Size  Location     Type
   820 ;;                  1    wreg      void 
   821 ;; Registers used:
   822 ;;		wreg, status,2, status,0
   823 ;; Tracked objects:
   824 ;;		On entry : 0/0
   825 ;;		On exit  : 0/0
   826 ;;		Unchanged: 0/0
   827 ;; Data sizes:     COMRAM   BANK0   BANK1   BANK2   BANK3   BANK4   BANK5   BANK6   BANK7
   828 ;;      Params:         0       0       0       0       0       0       0       0       0
   829 ;;      Locals:         0       0       0       0       0       0       0       0       0
   830 ;;      Temps:          0       0       0       0       0       0       0       0       0
   831 ;;      Totals:         0       0       0       0       0       0       0       0       0
   832 ;;Total ram usage:        0 bytes
   833 ;; Hardware stack levels used:    1
   834 ;; This function calls:
   835 ;;		Nothing
   836 ;; This function is called by:
   837 ;;		Interrupt level 2
   838 ;; This function uses a non-reentrant model
   839 ;;
   840                           
   841                           	psect	intcode
   842  000008                     __pintcode:
   843                           	callstack 0
   844  000008                     _ISR:
   845                           	callstack 29
   846                           
   847                           ;incstack = 0
   848  000008  820F               	bsf	int$flags,1,c	;set compiler interrupt flag (level 2)
   849  00000A  ED40  F001         	call	int_func,f	;refresh shadow registers
   850                           
   851                           	psect	intcode_body
   852  000280                     __pintcode_body:
   853                           	callstack 29
   854  000280                     int_func:
   855                           	callstack 29
   856  000280  0006               	pop		; remove dummy address from shadow register refresh
   857  000282  A4F2               	btfss	242,2,c	;volatile
   858  000284  EF46  F001         	goto	i2u19_41
   859  000288  EF48  F001         	goto	i2u19_40
   860  00028C                     i2u19_41:
   861  00028C  EF4F  F001         	goto	i2l877
   862  000290                     i2u19_40:
   863  000290  4A0D               	infsnz	_sec^0,f,c
   864  000292  2A0E               	incf	(_sec+1)^0,f,c
   865  000294  94F2               	bcf	242,2,c	;volatile
   866  000296  0E0B               	movlw	11
   867  000298  6ED7               	movwf	215,c	;volatile
   868  00029A  0EDC               	movlw	220
   869  00029C  6ED6               	movwf	214,c	;volatile
   870  00029E                     i2l877:
   871  00029E  B2F2               	btfsc	242,1,c	;volatile
   872  0002A0  EF54  F001         	goto	i2u20_41
   873  0002A4  EF56  F001         	goto	i2u20_40
   874  0002A8                     i2u20_41:
   875  0002A8  EF5D  F001         	goto	i2l881
   876  0002AC                     i2u20_40:
   877  0002AC  A0F0               	btfss	240,0,c	;volatile
   878  0002AE  EF5B  F001         	goto	i2u21_41
   879  0002B2  EF5D  F001         	goto	i2u21_40
   880  0002B6                     i2u21_41:
   881  0002B6  EF67  F001         	goto	i2l63
   882  0002BA                     i2u21_40:
   883  0002BA                     i2l881:
   884  0002BA  0E00               	movlw	0
   885  0002BC  6E0C               	movwf	(_flag+1)^0,c
   886  0002BE  0E01               	movlw	1
   887  0002C0  6E0B               	movwf	_flag^0,c
   888  0002C2  92F2               	bcf	242,1,c	;volatile
   889  0002C4  90F0               	bcf	240,0,c	;volatile
   890  0002C6  0E00               	movlw	0
   891  0002C8  6E0E               	movwf	(_sec+1)^0,c
   892  0002CA  0E00               	movlw	0
   893  0002CC  6E0D               	movwf	_sec^0,c
   894  0002CE                     i2l63:
   895  0002CE  920F               	bcf	int$flags,1,c	;clear compiler interrupt flag (level 2)
   896  0002D0  0011               	retfie		f
   897  0002D2                     __end_of_ISR:
   898                           	callstack 0
   899  0000                     
   900                           	psect	rparam
   901  0000                     
   902                           	psect	temp
   903  00000F                     btemp:
   904                           	callstack 0
   905  00000F                     	ds	1
   906  0000                     int$flags	set	btemp
   907  0000                     wtemp8	set	btemp+1
   908  0000                     ttemp5	set	btemp+1
   909  0000                     ttemp6	set	btemp+4
   910  0000                     ttemp7	set	btemp+8
   911                           
   912                           	psect	idloc
   913                           
   914                           ;Config register IDLOC0 @ 0x200000
   915                           ;	unspecified, using default values
   916  200000                     	org	2097152
   917  200000  FF                 	db	255
   918                           
   919                           ;Config register IDLOC1 @ 0x200001
   920                           ;	unspecified, using default values
   921  200001                     	org	2097153
   922  200001  FF                 	db	255
   923                           
   924                           ;Config register IDLOC2 @ 0x200002
   925                           ;	unspecified, using default values
   926  200002                     	org	2097154
   927  200002  FF                 	db	255
   928                           
   929                           ;Config register IDLOC3 @ 0x200003
   930                           ;	unspecified, using default values
   931  200003                     	org	2097155
   932  200003  FF                 	db	255
   933                           
   934                           ;Config register IDLOC4 @ 0x200004
   935                           ;	unspecified, using default values
   936  200004                     	org	2097156
   937  200004  FF                 	db	255
   938                           
   939                           ;Config register IDLOC5 @ 0x200005
   940                           ;	unspecified, using default values
   941  200005                     	org	2097157
   942  200005  FF                 	db	255
   943                           
   944                           ;Config register IDLOC6 @ 0x200006
   945                           ;	unspecified, using default values
   946  200006                     	org	2097158
   947  200006  FF                 	db	255
   948                           
   949                           ;Config register IDLOC7 @ 0x200007
   950                           ;	unspecified, using default values
   951  200007                     	org	2097159
   952  200007  FF                 	db	255
   953                           
   954                           	psect	config
   955                           
   956                           ;Config register CONFIG1L @ 0x300000
   957                           ;	unspecified, using default values
   958                           ;	PLL Prescaler Selection bits
   959                           ;	PLLDIV = 0x0, unprogrammed default
   960                           ;	System Clock Postscaler Selection bits
   961                           ;	CPUDIV = 0x0, unprogrammed default
   962                           ;	USB Clock Selection bit (used in Full-Speed USB mode only; UCFG:FSEN = 1)
   963                           ;	USBDIV = 0x0, unprogrammed default
   964  300000                     	org	3145728
   965  300000  00                 	db	0
   966                           
   967                           ;Config register CONFIG1H @ 0x300001
   968                           ;	Oscillator Selection bits
   969                           ;	FOSC = INTOSCIO_EC, Internal oscillator, port function on RA6, EC used by USB (INTIO)
   970                           ;	Fail-Safe Clock Monitor Enable bit
   971                           ;	FCMEN = 0x0, unprogrammed default
   972                           ;	Internal/External Oscillator Switchover bit
   973                           ;	IESO = 0x0, unprogrammed default
   974  300001                     	org	3145729
   975  300001  08                 	db	8
   976                           
   977                           ;Config register CONFIG2L @ 0x300002
   978                           ;	unspecified, using default values
   979                           ;	Power-up Timer Enable bit
   980                           ;	PWRT = 0x1, unprogrammed default
   981                           ;	Brown-out Reset Enable bits
   982                           ;	BOR = 0x3, unprogrammed default
   983                           ;	Brown-out Reset Voltage bits
   984                           ;	BORV = 0x3, unprogrammed default
   985                           ;	USB Voltage Regulator Enable bit
   986                           ;	VREGEN = 0x0, unprogrammed default
   987  300002                     	org	3145730
   988  300002  1F                 	db	31
   989                           
   990                           ;Config register CONFIG2H @ 0x300003
   991                           ;	unspecified, using default values
   992                           ;	Watchdog Timer Enable bit
   993                           ;	WDT = 0x1, unprogrammed default
   994                           ;	Watchdog Timer Postscale Select bits
   995                           ;	WDTPS = 0xF, unprogrammed default
   996  300003                     	org	3145731
   997  300003  1F                 	db	31
   998                           
   999                           ; Padding undefined space
  1000  300004                     	org	3145732
  1001  300004  FF                 	db	255
  1002                           
  1003                           ;Config register CONFIG3H @ 0x300005
  1004                           ;	unspecified, using default values
  1005                           ;	CCP2 MUX bit
  1006                           ;	CCP2MX = 0x1, unprogrammed default
  1007                           ;	PORTB A/D Enable bit
  1008                           ;	PBADEN = 0x1, unprogrammed default
  1009                           ;	Low-Power Timer 1 Oscillator Enable bit
  1010                           ;	LPT1OSC = 0x0, unprogrammed default
  1011                           ;	MCLR Pin Enable bit
  1012                           ;	MCLRE = 0x1, unprogrammed default
  1013  300005                     	org	3145733
  1014  300005  83                 	db	131
  1015                           
  1016                           ;Config register CONFIG4L @ 0x300006
  1017                           ;	unspecified, using default values
  1018                           ;	Stack Full/Underflow Reset Enable bit
  1019                           ;	STVREN = 0x1, unprogrammed default
  1020                           ;	Single-Supply ICSP Enable bit
  1021                           ;	LVP = 0x1, unprogrammed default
  1022                           ;	Dedicated In-Circuit Debug/Programming Port (ICPORT) Enable bit
  1023                           ;	ICPRT = 0x0, unprogrammed default
  1024                           ;	Extended Instruction Set Enable bit
  1025                           ;	XINST = 0x0, unprogrammed default
  1026                           ;	Background Debugger Enable bit
  1027                           ;	DEBUG = 0x1, unprogrammed default
  1028  300006                     	org	3145734
  1029  300006  85                 	db	133
  1030                           
  1031                           ; Padding undefined space
  1032  300007                     	org	3145735
  1033  300007  FF                 	db	255
  1034                           
  1035                           ;Config register CONFIG5L @ 0x300008
  1036                           ;	unspecified, using default values
  1037                           ;	Code Protection bit
  1038                           ;	CP0 = 0x1, unprogrammed default
  1039                           ;	Code Protection bit
  1040                           ;	CP1 = 0x1, unprogrammed default
  1041                           ;	Code Protection bit
  1042                           ;	CP2 = 0x1, unprogrammed default
  1043                           ;	Code Protection bit
  1044                           ;	CP3 = 0x1, unprogrammed default
  1045  300008                     	org	3145736
  1046  300008  0F                 	db	15
  1047                           
  1048                           ;Config register CONFIG5H @ 0x300009
  1049                           ;	unspecified, using default values
  1050                           ;	Boot Block Code Protection bit
  1051                           ;	CPB = 0x1, unprogrammed default
  1052                           ;	Data EEPROM Code Protection bit
  1053                           ;	CPD = 0x1, unprogrammed default
  1054  300009                     	org	3145737
  1055  300009  C0                 	db	192
  1056                           
  1057                           ;Config register CONFIG6L @ 0x30000A
  1058                           ;	unspecified, using default values
  1059                           ;	Write Protection bit
  1060                           ;	WRT0 = 0x1, unprogrammed default
  1061                           ;	Write Protection bit
  1062                           ;	WRT1 = 0x1, unprogrammed default
  1063                           ;	Write Protection bit
  1064                           ;	WRT2 = 0x1, unprogrammed default
  1065                           ;	Write Protection bit
  1066                           ;	WRT3 = 0x1, unprogrammed default
  1067  30000A                     	org	3145738
  1068  30000A  0F                 	db	15
  1069                           
  1070                           ;Config register CONFIG6H @ 0x30000B
  1071                           ;	unspecified, using default values
  1072                           ;	Configuration Register Write Protection bit
  1073                           ;	WRTC = 0x1, unprogrammed default
  1074                           ;	Boot Block Write Protection bit
  1075                           ;	WRTB = 0x1, unprogrammed default
  1076                           ;	Data EEPROM Write Protection bit
  1077                           ;	WRTD = 0x1, unprogrammed default
  1078  30000B                     	org	3145739
  1079  30000B  E0                 	db	224
  1080                           
  1081                           ;Config register CONFIG7L @ 0x30000C
  1082                           ;	unspecified, using default values
  1083                           ;	Table Read Protection bit
  1084                           ;	EBTR0 = 0x1, unprogrammed default
  1085                           ;	Table Read Protection bit
  1086                           ;	EBTR1 = 0x1, unprogrammed default
  1087                           ;	Table Read Protection bit
  1088                           ;	EBTR2 = 0x1, unprogrammed default
  1089                           ;	Table Read Protection bit
  1090                           ;	EBTR3 = 0x1, unprogrammed default
  1091  30000C                     	org	3145740
  1092  30000C  0F                 	db	15
  1093                           
  1094                           ;Config register CONFIG7H @ 0x30000D
  1095                           ;	unspecified, using default values
  1096                           ;	Boot Block Table Read Protection bit
  1097                           ;	EBTRB = 0x1, unprogrammed default
  1098  30000D                     	org	3145741
  1099  30000D  40                 	db	64
  1100                           tosu	equ	0xFFF
  1101                           tosh	equ	0xFFE
  1102                           tosl	equ	0xFFD
  1103                           stkptr	equ	0xFFC
  1104                           pclatu	equ	0xFFB
  1105                           pclath	equ	0xFFA
  1106                           pcl	equ	0xFF9
  1107                           tblptru	equ	0xFF8
  1108                           tblptrh	equ	0xFF7
  1109                           tblptrl	equ	0xFF6
  1110                           tablat	equ	0xFF5
  1111                           prodh	equ	0xFF4
  1112                           prodl	equ	0xFF3
  1113                           indf0	equ	0xFEF
  1114                           postinc0	equ	0xFEE
  1115                           postdec0	equ	0xFED
  1116                           preinc0	equ	0xFEC
  1117                           plusw0	equ	0xFEB
  1118                           fsr0h	equ	0xFEA
  1119                           fsr0l	equ	0xFE9
  1120                           wreg	equ	0xFE8
  1121                           indf1	equ	0xFE7
  1122                           postinc1	equ	0xFE6
  1123                           postdec1	equ	0xFE5
  1124                           preinc1	equ	0xFE4
  1125                           plusw1	equ	0xFE3
  1126                           fsr1h	equ	0xFE2
  1127                           fsr1l	equ	0xFE1
  1128                           bsr	equ	0xFE0
  1129                           indf2	equ	0xFDF
  1130                           postinc2	equ	0xFDE
  1131                           postdec2	equ	0xFDD
  1132                           preinc2	equ	0xFDC
  1133                           plusw2	equ	0xFDB
  1134                           fsr2h	equ	0xFDA
  1135                           fsr2l	equ	0xFD9
  1136                           status	equ	0xFD8

Data Sizes:
    Strings     0
    Constant    0
    Data        0
    BSS         4
    Persistent  0
    Stack       0

Auto Spaces:
    Space          Size  Autos    Used
    COMRAM           94     10      14
    BANK0           160      0       0
    BANK1           256      0       0
    BANK2           256      0       0
    BANK3           256      0       0
    BANK4           256      0       0
    BANK5           256      0       0
    BANK6           256      0       0
    BANK7           256      0       0

Pointer List with Targets:

    None.

Critical Paths under _main in COMRAM

    _main->___awdiv

Critical Paths under _ISR in COMRAM

    None.

Critical Paths under _main in BANK0

    None.

Critical Paths under _ISR in BANK0

    None.

Critical Paths under _main in BANK1

    None.

Critical Paths under _ISR in BANK1

    None.

Critical Paths under _main in BANK2

    None.

Critical Paths under _ISR in BANK2

    None.

Critical Paths under _main in BANK3

    None.

Critical Paths under _ISR in BANK3

    None.

Critical Paths under _main in BANK4

    None.

Critical Paths under _ISR in BANK4

    None.

Critical Paths under _main in BANK5

    None.

Critical Paths under _ISR in BANK5

    None.

Critical Paths under _main in BANK6

    None.

Critical Paths under _ISR in BANK6

    None.

Critical Paths under _main in BANK7

    None.

Critical Paths under _ISR in BANK7

    None.

Call Graph Tables:

 ---------------------------------------------------------------------------------
 (Depth) Function   	        Calls       Base Space   Used Autos Params    Refs
 ---------------------------------------------------------------------------------
 (0) _main                                                 2     2      0     900
                                              8 COMRAM     2     2      0
                        _ExtInt_Init
                          _Port_Init
                        _Timer0_Init
                            ___awdiv
                            ___awmod
 ---------------------------------------------------------------------------------
 (1) ___awmod                                              6     2      4     448
                                              0 COMRAM     6     2      4
 ---------------------------------------------------------------------------------
 (1) ___awdiv                                              8     4      4     452
                                              0 COMRAM     8     4      4
 ---------------------------------------------------------------------------------
 (1) _Timer0_Init                                          0     0      0       0
 ---------------------------------------------------------------------------------
 (1) _Port_Init                                            0     0      0       0
 ---------------------------------------------------------------------------------
 (1) _ExtInt_Init                                          0     0      0       0
 ---------------------------------------------------------------------------------
 Estimated maximum stack depth 1
 ---------------------------------------------------------------------------------
 (Depth) Function   	        Calls       Base Space   Used Autos Params    Refs
 ---------------------------------------------------------------------------------
 (2) _ISR                                                  0     0      0       0
 ---------------------------------------------------------------------------------
 Estimated maximum stack depth 2
 ---------------------------------------------------------------------------------

 Call Graph Graphs:

 _main (ROOT)
   _ExtInt_Init
   _Port_Init
   _Timer0_Init
   ___awdiv
   ___awmod

 _ISR (ROOT)

 Address spaces:
Name               Size   Autos  Total    Cost      Usage
BIGRAM             7FF      0       0      21        0.0%
EEDATA             100      0       0       0        0.0%
BITBANK7           100      0       0      18        0.0%
BANK7              100      0       0      19        0.0%
BITBANK6           100      0       0      16        0.0%
BANK6              100      0       0      17        0.0%
BITBANK5           100      0       0      14        0.0%
BANK5              100      0       0      15        0.0%
BITBANK4           100      0       0      12        0.0%
BANK4              100      0       0      13        0.0%
BITBANK3           100      0       0      10        0.0%
BANK3              100      0       0      11        0.0%
BITBANK2           100      0       0       8        0.0%
BANK2              100      0       0       9        0.0%
BITBANK1           100      0       0       6        0.0%
BANK1              100      0       0       7        0.0%
BITBANK0            A0      0       0       4        0.0%
BANK0               A0      0       0       5        0.0%
BITCOMRAM           5E      0       0       0        0.0%
COMRAM              5E      A       E       1       14.9%
BITSFR               0      0       0     200        0.0%
SFR                  0      0       0     200        0.0%
STACK                0      0       0       2        0.0%
NULL                 0      0       0       0        0.0%
ABS                  0      0       E      20        0.0%
DATA                 0      0       E       3        0.0%
CODE                 0      0       0       0        0.0%


Microchip Technology PIC18 Macro Assembler V2.20 build 20200408173844 
Symbol Table                                                                                   Sun Sep 27 18:21:04 2020

                     l33 032C                       l36 02F2                       l39 030C  
           ___awdiv@sign 0006                      l310 027E                      l297 01CE  
                    l741 02D2                      l901 0144                      l751 02EE  
                    l743 02D8                      l911 017C                      l903 014C  
                    l753 02F0                      l745 02E0                      l921 01A8  
                    l913 0182                      l905 015E                      l739 0320  
                    l755 02F4                      l747 02EA                      l915 0198  
                    l907 0166                      l923 01AE                      l931 01D0  
                    l749 02EC                      l925 01BE                      l917 01A0  
                    l909 016E                      l941 01FC                      l933 01D4  
                    l927 01C6                      l919 01A2                      l951 0234  
                    l943 0204                      l935 01E2                      l961 026E  
                    l953 024A                      l945 0216                      l937 01EA  
                    l891 011E                      l963 0276                      l955 0252  
                    l947 021E                      l939 01EE                      l971 001A  
                    l893 0126                      l957 0258                      l949 0226  
                    l981 0084                      l973 001E                      l895 012A  
                    l887 010C                      l959 025E                      l991 00D8  
                    l983 0096                      l975 0058                      l967 0012  
                    l897 0138                      l889 0110                      l993 00E0  
                    l985 009E                      l977 006A                      l969 0016  
                    l899 0140                      l995 00F4                      l987 00BA  
                    l979 007C                      l989 00C6                      u220 011E  
                    u300 0216                      u221 011A                      u301 0212  
                    u230 0138                      u310 0234                      u231 0134  
                    u311 0230                      u240 015E                      u320 024A  
                    u241 015A                      u321 0246                      u250 017C  
                    u330 026E                      u251 0178                      u331 026A  
                    u260 0198                      u340 006A                      u261 0194  
                    u341 0066                      u270 01BE                      u350 007C  
                    u271 01BA                      u351 0078                      u280 01E2  
                    u360 0096                      u281 01DE                      u361 0092  
                    u290 01FC                      u370 00BA                      u291 01F8  
                    u371 00B6                      u380 00D8                      _ISR 0008  
                    u381 00D4                      u390 00F4                      u391 00F0  
                    _sec 000D             ___awmod@sign 0006                     ?_ISR 0001  
                   i2l63 02CE                     _flag 000B                     _main 0012  
                   btemp 000F                     prodl 000FF3                     start 000E  
           ___param_bank 000000            ??_ExtInt_Init 0001                    ??_ISR 0001  
                  ?_main 0001          __end_of___awdiv 01D0          __end_of___awmod 0280  
        ___awdiv@divisor 0003                    i2l871 0294                    i2l881 02BA  
                  i2l873 0296                    i2l883 02C2                    i2l875 029A  
                  i2l867 0282          ___awdiv@counter 0005                    i2l885 02C4  
                  i2l869 0290                    i2l877 029E                    i2l879 02AC  
                  _TMR0H 000FD7                    _TMR0L 000FD6                    _PORTB 000F81  
                  _PORTD 000F83                    _TRISB 000F93                    _TRISD 000F95  
                  ttemp5 0010                    ttemp6 0013                    ttemp7 0017  
                  status 000FD8                    wtemp8 0010          __initialization 030E  
           __end_of_main 010C                   ??_main 0009      __end_of_ExtInt_Init 032E  
          __activetblptr 000000                   _ADCON1 000FC1         ___awdiv@dividend 0001  
          ??_Timer0_Init 0001                ??___awdiv 0005                ??___awmod 0005  
       ___awdiv@quotient 0007          ___awmod@divisor 0003          ___awmod@counter 0005  
     __size_of_Port_Init 001A               __accesstop 0060  __end_of__initialization 0316  
          ___rparam_used 000001           __pcstackCOMRAM 0001              _ExtInt_Init 0320  
    __end_of_Timer0_Init 02F4        __end_of_Port_Init 030E                  i2u20_40 02AC  
                i2u20_41 02A8                  i2u21_40 02BA                  i2u21_41 02B6  
                i2u19_40 0290                  i2u19_41 028C                  __Hparam 0000  
            _Timer0_Init 02D2                  __Lparam 0000                  ___awdiv 010C  
                ___awmod 01D0                  __pcinit 030E                  __ramtop 0800  
                __ptext0 0012                  __ptext1 01D0                  __ptext2 010C  
                __ptext3 02D2                  __ptext4 02F4                  __ptext5 0320  
              _T0CONbits 000FD5             __size_of_ISR 02CA         ___awmod@dividend 0001  
         __pintcode_body 0280     end_of_initialization 0316                  int_func 0280  
              _PORTBbits 000F81             ?_ExtInt_Init 0001      start_initialization 030E  
            __end_of_ISR 02D2                _Port_Init 02F4              __pbssCOMRAM 000B  
           ?_Timer0_Init 0001                __pintcode 0008                 ?___awdiv 0001  
               ?___awmod 0001               ?_Port_Init 0001     __size_of_ExtInt_Init 000E  
            _INTCON2bits 000FF1              _INTCON3bits 000FF0                 __Hrparam 0000  
               __Lrparam 0000              ??_Port_Init 0001         __size_of___awdiv 00C4  
       __size_of___awmod 00B0            __size_of_main 00FA     __size_of_Timer0_Init 0022  
               int$flags 000F               _INTCONbits 000FF2                 intlevel2 0000  
             _OSCCONbits 000FD3  
